{"C:\\Visi 8\\Webcomic\\Vue 3\\new\\comic-firebase-admin\\src\\colors.js": {"path":"C:\\Visi 8\\Webcomic\\Vue 3\\new\\comic-firebase-admin\\src\\colors.js","statementMap":{"0":{"start":{"line":1,"column":22},"end":{"line":1,"column":41}},"1":{"start":{"line":2,"column":30},"end":{"line":2,"column":88}},"2":{"start":{"line":3,"column":34},"end":{"line":3,"column":92}},"3":{"start":{"line":4,"column":30},"end":{"line":4,"column":88}},"4":{"start":{"line":5,"column":34},"end":{"line":5,"column":92}},"5":{"start":{"line":7,"column":24},"end":{"line":14,"column":1}},"6":{"start":{"line":16,"column":29},"end":{"line":23,"column":1}},"7":{"start":{"line":25,"column":29},"end":{"line":32,"column":1}},"8":{"start":{"line":34,"column":26},"end":{"line":41,"column":1}},"9":{"start":{"line":43,"column":29},"end":{"line":50,"column":1}},"10":{"start":{"line":52,"column":34},"end":{"line":59,"column":1}},"11":{"start":{"line":61,"column":30},"end":{"line":72,"column":1}},"12":{"start":{"line":62,"column":14},"end":{"line":65,"column":2}},"13":{"start":{"line":67,"column":1},"end":{"line":69,"column":2}},"14":{"start":{"line":68,"column":2},"end":{"line":68,"column":74}},"15":{"start":{"line":71,"column":1},"end":{"line":71,"column":12}}},"fnMap":{"0":{"name":"(anonymous_0)","decl":{"start":{"line":61,"column":30},"end":{"line":61,"column":31}},"loc":{"start":{"line":61,"column":63},"end":{"line":72,"column":1}},"line":61}},"branchMap":{"0":{"loc":{"start":{"line":63,"column":2},"end":{"line":63,"column":50}},"type":"cond-expr","locations":[{"start":{"line":63,"column":15},"end":{"line":63,"column":32}},{"start":{"line":63,"column":35},"end":{"line":63,"column":50}}],"line":63},"1":{"loc":{"start":{"line":67,"column":1},"end":{"line":69,"column":2}},"type":"if","locations":[{"start":{"line":67,"column":1},"end":{"line":69,"column":2}},{"start":{},"end":{}}],"line":67},"2":{"loc":{"start":{"line":68,"column":12},"end":{"line":68,"column":73}},"type":"cond-expr","locations":[{"start":{"line":68,"column":25},"end":{"line":68,"column":50}},{"start":{"line":68,"column":53},"end":{"line":68,"column":73}}],"line":68}},"s":{"0":1,"1":1,"2":1,"3":1,"4":1,"5":1,"6":1,"7":1,"8":1,"9":1,"10":1,"11":1,"12":1,"13":1,"14":1,"15":1},"f":{"0":1},"b":{"0":[0,1],"1":[1,0],"2":[0,1]},"_coverageSchema":"1a1c01bbd47fc00a2c39e90264f33305004495a9","hash":"2e5f6485a2388ba98527ab4dcab4133cc5b1be25"}
,"C:\\Visi 8\\Webcomic\\Vue 3\\new\\comic-firebase-admin\\src\\config.js": {"path":"C:\\Visi 8\\Webcomic\\Vue 3\\new\\comic-firebase-admin\\src\\config.js","statementMap":{"0":{"start":{"line":1,"column":27},"end":{"line":1,"column":37}},"1":{"start":{"line":3,"column":24},"end":{"line":3,"column":31}}},"fnMap":{},"branchMap":{},"s":{"0":1,"1":1},"f":{},"b":{},"_coverageSchema":"1a1c01bbd47fc00a2c39e90264f33305004495a9","hash":"8e6087c5456076e30c0b48bb10f50e10fa9b6eda"}
,"C:\\Visi 8\\Webcomic\\Vue 3\\new\\comic-firebase-admin\\src\\styles.js": {"path":"C:\\Visi 8\\Webcomic\\Vue 3\\new\\comic-firebase-admin\\src\\styles.js","statementMap":{"0":{"start":{"line":1,"column":17},"end":{"line":1,"column":64}},"1":{"start":{"line":3,"column":21},"end":{"line":22,"column":1}},"2":{"start":{"line":24,"column":21},"end":{"line":43,"column":1}}},"fnMap":{},"branchMap":{},"s":{"0":1,"1":1,"2":1},"f":{},"b":{},"_coverageSchema":"1a1c01bbd47fc00a2c39e90264f33305004495a9","hash":"318dab9724e34f7c748b378740e48501f40a5d0b"}
,"C:\\Visi 8\\Webcomic\\Vue 3\\new\\comic-firebase-admin\\src\\firebase\\Collection.js": {"path":"C:\\Visi 8\\Webcomic\\Vue 3\\new\\comic-firebase-admin\\src\\firebase\\Collection.js","statementMap":{"0":{"start":{"line":28,"column":22},"end":{"line":52,"column":1}},"1":{"start":{"line":29,"column":23},"end":{"line":29,"column":46}},"2":{"start":{"line":30,"column":29},"end":{"line":30,"column":58}},"3":{"start":{"line":31,"column":26},"end":{"line":31,"column":52}},"4":{"start":{"line":33,"column":4},"end":{"line":51,"column":3}},"5":{"start":{"line":34,"column":8},"end":{"line":46,"column":9}},"6":{"start":{"line":35,"column":12},"end":{"line":35,"column":88}},"7":{"start":{"line":36,"column":14},"end":{"line":46,"column":9}},"8":{"start":{"line":37,"column":12},"end":{"line":41,"column":13}},"9":{"start":{"line":38,"column":16},"end":{"line":38,"column":77}},"10":{"start":{"line":40,"column":16},"end":{"line":40,"column":41}},"11":{"start":{"line":42,"column":14},"end":{"line":46,"column":9}},"12":{"start":{"line":43,"column":12},"end":{"line":43,"column":72}},"13":{"start":{"line":45,"column":12},"end":{"line":45,"column":37}},"14":{"start":{"line":48,"column":6},"end":{"line":50,"column":7}},"15":{"start":{"line":49,"column":10},"end":{"line":49,"column":71}},"16":{"start":{"line":55,"column":24},"end":{"line":55,"column":26}},"17":{"start":{"line":56,"column":26},"end":{"line":56,"column":31}},"18":{"start":{"line":57,"column":20},"end":{"line":57,"column":22}},"19":{"start":{"line":58,"column":16},"end":{"line":58,"column":27}},"20":{"start":{"line":61,"column":8},"end":{"line":80,"column":10}},"21":{"start":{"line":62,"column":28},"end":{"line":62,"column":76}},"22":{"start":{"line":63,"column":36},"end":{"line":63,"column":101}},"23":{"start":{"line":64,"column":12},"end":{"line":79,"column":13}},"24":{"start":{"line":65,"column":30},"end":{"line":65,"column":112}},"25":{"start":{"line":65,"column":93},"end":{"line":65,"column":111}},"26":{"start":{"line":66,"column":16},"end":{"line":70,"column":18}},"27":{"start":{"line":67,"column":20},"end":{"line":69,"column":22}},"28":{"start":{"line":71,"column":18},"end":{"line":79,"column":13}},"29":{"start":{"line":72,"column":30},"end":{"line":72,"column":44}},"30":{"start":{"line":73,"column":30},"end":{"line":73,"column":115}},"31":{"start":{"line":73,"column":96},"end":{"line":73,"column":114}},"32":{"start":{"line":74,"column":16},"end":{"line":78,"column":18}},"33":{"start":{"line":75,"column":20},"end":{"line":77,"column":22}},"34":{"start":{"line":84,"column":18},"end":{"line":84,"column":54}},"35":{"start":{"line":85,"column":6},"end":{"line":85,"column":74}},"36":{"start":{"line":89,"column":8},"end":{"line":89,"column":25}},"37":{"start":{"line":93,"column":21},"end":{"line":93,"column":49}},"38":{"start":{"line":94,"column":27},"end":{"line":94,"column":29}},"39":{"start":{"line":95,"column":22},"end":{"line":95,"column":24}},"40":{"start":{"line":96,"column":8},"end":{"line":99,"column":9}},"41":{"start":{"line":96,"column":20},"end":{"line":96,"column":21}},"42":{"start":{"line":97,"column":12},"end":{"line":97,"column":45}},"43":{"start":{"line":98,"column":12},"end":{"line":98,"column":31}},"44":{"start":{"line":101,"column":8},"end":{"line":101,"column":42}},"45":{"start":{"line":105,"column":6},"end":{"line":111,"column":7}},"46":{"start":{"line":106,"column":8},"end":{"line":106,"column":37}},"47":{"start":{"line":107,"column":8},"end":{"line":107,"column":19}},"48":{"start":{"line":109,"column":8},"end":{"line":109,"column":47}},"49":{"start":{"line":110,"column":8},"end":{"line":110,"column":17}},"50":{"start":{"line":115,"column":21},"end":{"line":115,"column":38}},"51":{"start":{"line":116,"column":23},"end":{"line":116,"column":59}},"52":{"start":{"line":117,"column":8},"end":{"line":117,"column":50}},"53":{"start":{"line":118,"column":8},"end":{"line":118,"column":19}},"54":{"start":{"line":122,"column":6},"end":{"line":138,"column":7}},"55":{"start":{"line":123,"column":29},"end":{"line":123,"column":64}},"56":{"start":{"line":124,"column":10},"end":{"line":134,"column":11}},"57":{"start":{"line":125,"column":31},"end":{"line":125,"column":43}},"58":{"start":{"line":126,"column":14},"end":{"line":130,"column":15}},"59":{"start":{"line":127,"column":16},"end":{"line":127,"column":59}},"60":{"start":{"line":129,"column":16},"end":{"line":129,"column":44}},"61":{"start":{"line":131,"column":14},"end":{"line":131,"column":47}},"62":{"start":{"line":132,"column":14},"end":{"line":132,"column":70}},"63":{"start":{"line":133,"column":14},"end":{"line":133,"column":25}},"64":{"start":{"line":136,"column":10},"end":{"line":136,"column":46}},"65":{"start":{"line":137,"column":10},"end":{"line":137,"column":19}},"66":{"start":{"line":142,"column":8},"end":{"line":154,"column":9}},"67":{"start":{"line":143,"column":31},"end":{"line":143,"column":66}},"68":{"start":{"line":144,"column":12},"end":{"line":150,"column":13}},"69":{"start":{"line":145,"column":33},"end":{"line":145,"column":45}},"70":{"start":{"line":146,"column":16},"end":{"line":146,"column":47}},"71":{"start":{"line":147,"column":16},"end":{"line":147,"column":49}},"72":{"start":{"line":148,"column":16},"end":{"line":148,"column":63}},"73":{"start":{"line":149,"column":16},"end":{"line":149,"column":27}},"74":{"start":{"line":152,"column":12},"end":{"line":152,"column":51}},"75":{"start":{"line":153,"column":12},"end":{"line":153,"column":21}},"76":{"start":{"line":158,"column":8},"end":{"line":172,"column":9}},"77":{"start":{"line":159,"column":31},"end":{"line":159,"column":54}},"78":{"start":{"line":160,"column":12},"end":{"line":168,"column":13}},"79":{"start":{"line":161,"column":31},"end":{"line":161,"column":67}},"80":{"start":{"line":162,"column":34},"end":{"line":162,"column":60}},"81":{"start":{"line":163,"column":31},"end":{"line":163,"column":54}},"82":{"start":{"line":164,"column":33},"end":{"line":164,"column":43}},"83":{"start":{"line":165,"column":16},"end":{"line":165,"column":77}},"84":{"start":{"line":167,"column":16},"end":{"line":167,"column":31}},"85":{"start":{"line":170,"column":12},"end":{"line":170,"column":51}},"86":{"start":{"line":171,"column":12},"end":{"line":171,"column":21}},"87":{"start":{"line":176,"column":22},"end":{"line":176,"column":24}},"88":{"start":{"line":177,"column":27},"end":{"line":177,"column":44}},"89":{"start":{"line":178,"column":28},"end":{"line":188,"column":16}},"90":{"start":{"line":179,"column":24},"end":{"line":179,"column":28}},"91":{"start":{"line":180,"column":12},"end":{"line":182,"column":13}},"92":{"start":{"line":181,"column":16},"end":{"line":181,"column":64}},"93":{"start":{"line":183,"column":27},"end":{"line":183,"column":58}},"94":{"start":{"line":184,"column":12},"end":{"line":186,"column":13}},"95":{"start":{"line":185,"column":16},"end":{"line":185,"column":33}},"96":{"start":{"line":187,"column":12},"end":{"line":187,"column":32}},"97":{"start":{"line":189,"column":8},"end":{"line":193,"column":9}},"98":{"start":{"line":190,"column":12},"end":{"line":190,"column":30}},"99":{"start":{"line":192,"column":12},"end":{"line":192,"column":73}},"100":{"start":{"line":197,"column":8},"end":{"line":197,"column":26}},"101":{"start":{"line":198,"column":8},"end":{"line":198,"column":20}},"102":{"start":{"line":199,"column":23},"end":{"line":199,"column":59}},"103":{"start":{"line":200,"column":8},"end":{"line":234,"column":9}},"104":{"start":{"line":200,"column":20},"end":{"line":200,"column":21}},"105":{"start":{"line":201,"column":26},"end":{"line":201,"column":35}},"106":{"start":{"line":203,"column":36},"end":{"line":203,"column":83}},"107":{"start":{"line":204,"column":37},"end":{"line":204,"column":85}},"108":{"start":{"line":205,"column":35},"end":{"line":205,"column":89}},"109":{"start":{"line":207,"column":12},"end":{"line":212,"column":13}},"110":{"start":{"line":208,"column":16},"end":{"line":210,"column":17}},"111":{"start":{"line":209,"column":20},"end":{"line":209,"column":38}},"112":{"start":{"line":211,"column":16},"end":{"line":211,"column":24}},"113":{"start":{"line":213,"column":12},"end":{"line":233,"column":13}},"114":{"start":{"line":214,"column":16},"end":{"line":232,"column":17}},"115":{"start":{"line":215,"column":38},"end":{"line":215,"column":73}},"116":{"start":{"line":216,"column":39},"end":{"line":216,"column":41}},"117":{"start":{"line":217,"column":20},"end":{"line":224,"column":21}},"118":{"start":{"line":217,"column":32},"end":{"line":217,"column":33}},"119":{"start":{"line":218,"column":39},"end":{"line":218,"column":53}},"120":{"start":{"line":219,"column":45},"end":{"line":219,"column":47}},"121":{"start":{"line":220,"column":24},"end":{"line":222,"column":25}},"122":{"start":{"line":220,"column":36},"end":{"line":220,"column":37}},"123":{"start":{"line":221,"column":28},"end":{"line":221,"column":154}},"124":{"start":{"line":223,"column":24},"end":{"line":223,"column":53}},"125":{"start":{"line":225,"column":20},"end":{"line":225,"column":44}},"126":{"start":{"line":226,"column":22},"end":{"line":232,"column":17}},"127":{"start":{"line":227,"column":20},"end":{"line":227,"column":107}},"128":{"start":{"line":228,"column":22},"end":{"line":232,"column":17}},"129":{"start":{"line":229,"column":20},"end":{"line":231,"column":21}},"130":{"start":{"line":230,"column":24},"end":{"line":230,"column":83}},"131":{"start":{"line":235,"column":8},"end":{"line":237,"column":9}},"132":{"start":{"line":236,"column":12},"end":{"line":236,"column":26}},"133":{"start":{"line":241,"column":8},"end":{"line":252,"column":14}},"134":{"start":{"line":242,"column":12},"end":{"line":250,"column":13}},"135":{"start":{"line":243,"column":16},"end":{"line":249,"column":17}},"136":{"start":{"line":244,"column":20},"end":{"line":246,"column":21}},"137":{"start":{"line":245,"column":24},"end":{"line":245,"column":48}},"138":{"start":{"line":248,"column":20},"end":{"line":248,"column":44}},"139":{"start":{"line":251,"column":12},"end":{"line":251,"column":22}},"140":{"start":{"line":256,"column":8},"end":{"line":256,"column":24}},"141":{"start":{"line":260,"column":21},"end":{"line":260,"column":25}},"142":{"start":{"line":261,"column":25},"end":{"line":261,"column":27}},"143":{"start":{"line":262,"column":8},"end":{"line":264,"column":9}},"144":{"start":{"line":262,"column":20},"end":{"line":262,"column":21}},"145":{"start":{"line":263,"column":12},"end":{"line":263,"column":78}},"146":{"start":{"line":266,"column":8},"end":{"line":270,"column":10}},"147":{"start":{"line":267,"column":12},"end":{"line":269,"column":13}},"148":{"start":{"line":267,"column":24},"end":{"line":267,"column":25}},"149":{"start":{"line":268,"column":16},"end":{"line":268,"column":52}},"150":{"start":{"line":274,"column":25},"end":{"line":274,"column":58}},"151":{"start":{"line":275,"column":8},"end":{"line":290,"column":9}},"152":{"start":{"line":276,"column":24},"end":{"line":276,"column":46}},"153":{"start":{"line":277,"column":12},"end":{"line":281,"column":13}},"154":{"start":{"line":278,"column":38},"end":{"line":278,"column":48}},"155":{"start":{"line":279,"column":16},"end":{"line":279,"column":40}},"156":{"start":{"line":280,"column":16},"end":{"line":280,"column":36}},"157":{"start":{"line":282,"column":25},"end":{"line":282,"column":35}},"158":{"start":{"line":283,"column":29},"end":{"line":283,"column":39}},"159":{"start":{"line":284,"column":12},"end":{"line":284,"column":67}},"160":{"start":{"line":286,"column":12},"end":{"line":286,"column":27}},"161":{"start":{"line":288,"column":12},"end":{"line":288,"column":48}},"162":{"start":{"line":289,"column":12},"end":{"line":289,"column":21}},"163":{"start":{"line":294,"column":25},"end":{"line":294,"column":62}},"164":{"start":{"line":295,"column":8},"end":{"line":327,"column":9}},"165":{"start":{"line":296,"column":24},"end":{"line":296,"column":46}},"166":{"start":{"line":297,"column":12},"end":{"line":301,"column":13}},"167":{"start":{"line":298,"column":38},"end":{"line":298,"column":48}},"168":{"start":{"line":299,"column":16},"end":{"line":299,"column":40}},"169":{"start":{"line":300,"column":16},"end":{"line":300,"column":36}},"170":{"start":{"line":302,"column":23},"end":{"line":302,"column":33}},"171":{"start":{"line":304,"column":29},"end":{"line":304,"column":39}},"172":{"start":{"line":305,"column":12},"end":{"line":305,"column":74}},"173":{"start":{"line":307,"column":12},"end":{"line":321,"column":13}},"174":{"start":{"line":308,"column":34},"end":{"line":308,"column":36}},"175":{"start":{"line":309,"column":16},"end":{"line":311,"column":17}},"176":{"start":{"line":309,"column":28},"end":{"line":309,"column":29}},"177":{"start":{"line":310,"column":20},"end":{"line":310,"column":95}},"178":{"start":{"line":313,"column":16},"end":{"line":317,"column":18}},"179":{"start":{"line":314,"column":20},"end":{"line":316,"column":21}},"180":{"start":{"line":314,"column":32},"end":{"line":314,"column":33}},"181":{"start":{"line":315,"column":24},"end":{"line":315,"column":64}},"182":{"start":{"line":319,"column":16},"end":{"line":319,"column":52}},"183":{"start":{"line":320,"column":16},"end":{"line":320,"column":25}},"184":{"start":{"line":323,"column":12},"end":{"line":323,"column":27}},"185":{"start":{"line":325,"column":12},"end":{"line":325,"column":48}},"186":{"start":{"line":326,"column":12},"end":{"line":326,"column":21}},"187":{"start":{"line":331,"column":25},"end":{"line":331,"column":58}},"188":{"start":{"line":332,"column":8},"end":{"line":364,"column":9}},"189":{"start":{"line":333,"column":24},"end":{"line":333,"column":46}},"190":{"start":{"line":334,"column":12},"end":{"line":338,"column":13}},"191":{"start":{"line":335,"column":38},"end":{"line":335,"column":48}},"192":{"start":{"line":336,"column":16},"end":{"line":336,"column":40}},"193":{"start":{"line":337,"column":16},"end":{"line":337,"column":36}},"194":{"start":{"line":339,"column":23},"end":{"line":339,"column":33}},"195":{"start":{"line":341,"column":29},"end":{"line":341,"column":39}},"196":{"start":{"line":342,"column":12},"end":{"line":342,"column":74}},"197":{"start":{"line":344,"column":12},"end":{"line":358,"column":13}},"198":{"start":{"line":345,"column":34},"end":{"line":345,"column":36}},"199":{"start":{"line":346,"column":16},"end":{"line":348,"column":17}},"200":{"start":{"line":346,"column":28},"end":{"line":346,"column":29}},"201":{"start":{"line":347,"column":20},"end":{"line":347,"column":91}},"202":{"start":{"line":350,"column":16},"end":{"line":354,"column":18}},"203":{"start":{"line":351,"column":20},"end":{"line":353,"column":21}},"204":{"start":{"line":351,"column":32},"end":{"line":351,"column":33}},"205":{"start":{"line":352,"column":24},"end":{"line":352,"column":64}},"206":{"start":{"line":356,"column":16},"end":{"line":356,"column":52}},"207":{"start":{"line":357,"column":16},"end":{"line":357,"column":25}},"208":{"start":{"line":360,"column":12},"end":{"line":360,"column":27}},"209":{"start":{"line":362,"column":12},"end":{"line":362,"column":48}},"210":{"start":{"line":363,"column":12},"end":{"line":363,"column":21}},"211":{"start":{"line":368,"column":25},"end":{"line":368,"column":61}},"212":{"start":{"line":370,"column":8},"end":{"line":374,"column":9}},"213":{"start":{"line":371,"column":12},"end":{"line":371,"column":43}},"214":{"start":{"line":373,"column":12},"end":{"line":373,"column":24}},"215":{"start":{"line":376,"column":8},"end":{"line":391,"column":9}},"216":{"start":{"line":377,"column":25},"end":{"line":377,"column":41}},"217":{"start":{"line":378,"column":12},"end":{"line":386,"column":13}},"218":{"start":{"line":379,"column":16},"end":{"line":379,"column":25}},"219":{"start":{"line":381,"column":16},"end":{"line":385,"column":19}},"220":{"start":{"line":382,"column":37},"end":{"line":382,"column":47}},"221":{"start":{"line":383,"column":20},"end":{"line":383,"column":89}},"222":{"start":{"line":384,"column":20},"end":{"line":384,"column":35}},"223":{"start":{"line":388,"column":12},"end":{"line":388,"column":30}},"224":{"start":{"line":389,"column":12},"end":{"line":389,"column":49}},"225":{"start":{"line":390,"column":12},"end":{"line":390,"column":21}},"226":{"start":{"line":396,"column":25},"end":{"line":396,"column":61}},"227":{"start":{"line":398,"column":8},"end":{"line":402,"column":9}},"228":{"start":{"line":399,"column":12},"end":{"line":399,"column":43}},"229":{"start":{"line":401,"column":12},"end":{"line":401,"column":24}},"230":{"start":{"line":404,"column":8},"end":{"line":409,"column":9}},"231":{"start":{"line":405,"column":12},"end":{"line":405,"column":35}},"232":{"start":{"line":407,"column":12},"end":{"line":407,"column":49}},"233":{"start":{"line":408,"column":12},"end":{"line":408,"column":21}},"234":{"start":{"line":410,"column":8},"end":{"line":412,"column":9}},"235":{"start":{"line":411,"column":12},"end":{"line":411,"column":21}},"236":{"start":{"line":413,"column":21},"end":{"line":413,"column":45}},"237":{"start":{"line":414,"column":23},"end":{"line":414,"column":25}},"238":{"start":{"line":415,"column":8},"end":{"line":442,"column":9}},"239":{"start":{"line":415,"column":20},"end":{"line":415,"column":21}},"240":{"start":{"line":416,"column":25},"end":{"line":416,"column":39}},"241":{"start":{"line":417,"column":30},"end":{"line":417,"column":32}},"242":{"start":{"line":419,"column":12},"end":{"line":419,"column":30}},"243":{"start":{"line":420,"column":12},"end":{"line":420,"column":32}},"244":{"start":{"line":422,"column":29},"end":{"line":422,"column":39}},"245":{"start":{"line":423,"column":12},"end":{"line":423,"column":80}},"246":{"start":{"line":425,"column":12},"end":{"line":427,"column":13}},"247":{"start":{"line":425,"column":24},"end":{"line":425,"column":25}},"248":{"start":{"line":426,"column":16},"end":{"line":426,"column":91}},"249":{"start":{"line":429,"column":12},"end":{"line":438,"column":13}},"250":{"start":{"line":430,"column":16},"end":{"line":434,"column":18}},"251":{"start":{"line":431,"column":20},"end":{"line":433,"column":21}},"252":{"start":{"line":431,"column":32},"end":{"line":431,"column":33}},"253":{"start":{"line":432,"column":24},"end":{"line":432,"column":64}},"254":{"start":{"line":436,"column":16},"end":{"line":436,"column":53}},"255":{"start":{"line":437,"column":16},"end":{"line":437,"column":25}},"256":{"start":{"line":441,"column":12},"end":{"line":441,"column":33}},"257":{"start":{"line":443,"column":8},"end":{"line":443,"column":21}},"258":{"start":{"line":447,"column":25},"end":{"line":447,"column":61}},"259":{"start":{"line":449,"column":8},"end":{"line":453,"column":9}},"260":{"start":{"line":450,"column":12},"end":{"line":450,"column":43}},"261":{"start":{"line":452,"column":12},"end":{"line":452,"column":24}},"262":{"start":{"line":455,"column":8},"end":{"line":460,"column":9}},"263":{"start":{"line":456,"column":12},"end":{"line":456,"column":35}},"264":{"start":{"line":458,"column":12},"end":{"line":458,"column":49}},"265":{"start":{"line":459,"column":12},"end":{"line":459,"column":21}},"266":{"start":{"line":461,"column":8},"end":{"line":463,"column":9}},"267":{"start":{"line":462,"column":12},"end":{"line":462,"column":21}},"268":{"start":{"line":464,"column":21},"end":{"line":464,"column":45}},"269":{"start":{"line":465,"column":23},"end":{"line":465,"column":25}},"270":{"start":{"line":466,"column":8},"end":{"line":493,"column":9}},"271":{"start":{"line":466,"column":20},"end":{"line":466,"column":21}},"272":{"start":{"line":467,"column":25},"end":{"line":467,"column":39}},"273":{"start":{"line":468,"column":30},"end":{"line":468,"column":32}},"274":{"start":{"line":470,"column":12},"end":{"line":470,"column":30}},"275":{"start":{"line":471,"column":12},"end":{"line":471,"column":32}},"276":{"start":{"line":473,"column":29},"end":{"line":473,"column":39}},"277":{"start":{"line":474,"column":12},"end":{"line":474,"column":80}},"278":{"start":{"line":476,"column":12},"end":{"line":478,"column":13}},"279":{"start":{"line":476,"column":24},"end":{"line":476,"column":25}},"280":{"start":{"line":477,"column":16},"end":{"line":477,"column":87}},"281":{"start":{"line":480,"column":12},"end":{"line":489,"column":13}},"282":{"start":{"line":481,"column":16},"end":{"line":485,"column":18}},"283":{"start":{"line":482,"column":20},"end":{"line":484,"column":21}},"284":{"start":{"line":482,"column":32},"end":{"line":482,"column":33}},"285":{"start":{"line":483,"column":24},"end":{"line":483,"column":64}},"286":{"start":{"line":487,"column":16},"end":{"line":487,"column":53}},"287":{"start":{"line":488,"column":16},"end":{"line":488,"column":25}},"288":{"start":{"line":492,"column":12},"end":{"line":492,"column":33}},"289":{"start":{"line":494,"column":8},"end":{"line":494,"column":21}},"290":{"start":{"line":498,"column":25},"end":{"line":498,"column":61}},"291":{"start":{"line":500,"column":8},"end":{"line":504,"column":9}},"292":{"start":{"line":501,"column":12},"end":{"line":501,"column":43}},"293":{"start":{"line":503,"column":12},"end":{"line":503,"column":24}},"294":{"start":{"line":507,"column":8},"end":{"line":512,"column":9}},"295":{"start":{"line":508,"column":12},"end":{"line":508,"column":35}},"296":{"start":{"line":510,"column":12},"end":{"line":510,"column":54}},"297":{"start":{"line":511,"column":12},"end":{"line":511,"column":21}},"298":{"start":{"line":513,"column":8},"end":{"line":515,"column":9}},"299":{"start":{"line":514,"column":12},"end":{"line":514,"column":21}},"300":{"start":{"line":516,"column":21},"end":{"line":516,"column":45}},"301":{"start":{"line":517,"column":8},"end":{"line":538,"column":9}},"302":{"start":{"line":517,"column":20},"end":{"line":517,"column":21}},"303":{"start":{"line":518,"column":25},"end":{"line":518,"column":39}},"304":{"start":{"line":519,"column":30},"end":{"line":519,"column":32}},"305":{"start":{"line":521,"column":12},"end":{"line":521,"column":30}},"306":{"start":{"line":522,"column":12},"end":{"line":522,"column":32}},"307":{"start":{"line":524,"column":29},"end":{"line":524,"column":39}},"308":{"start":{"line":525,"column":12},"end":{"line":525,"column":80}},"309":{"start":{"line":527,"column":12},"end":{"line":529,"column":13}},"310":{"start":{"line":527,"column":24},"end":{"line":527,"column":25}},"311":{"start":{"line":528,"column":16},"end":{"line":528,"column":91}},"312":{"start":{"line":531,"column":12},"end":{"line":535,"column":14}},"313":{"start":{"line":532,"column":16},"end":{"line":534,"column":17}},"314":{"start":{"line":532,"column":28},"end":{"line":532,"column":29}},"315":{"start":{"line":533,"column":20},"end":{"line":533,"column":55}},"316":{"start":{"line":537,"column":12},"end":{"line":537,"column":26}},"317":{"start":{"line":542,"column":25},"end":{"line":542,"column":61}},"318":{"start":{"line":544,"column":8},"end":{"line":548,"column":9}},"319":{"start":{"line":545,"column":12},"end":{"line":545,"column":43}},"320":{"start":{"line":547,"column":12},"end":{"line":547,"column":24}},"321":{"start":{"line":551,"column":8},"end":{"line":556,"column":9}},"322":{"start":{"line":552,"column":12},"end":{"line":552,"column":35}},"323":{"start":{"line":554,"column":12},"end":{"line":554,"column":54}},"324":{"start":{"line":555,"column":12},"end":{"line":555,"column":21}},"325":{"start":{"line":557,"column":8},"end":{"line":559,"column":9}},"326":{"start":{"line":558,"column":12},"end":{"line":558,"column":21}},"327":{"start":{"line":560,"column":21},"end":{"line":560,"column":45}},"328":{"start":{"line":561,"column":8},"end":{"line":581,"column":9}},"329":{"start":{"line":561,"column":20},"end":{"line":561,"column":21}},"330":{"start":{"line":562,"column":25},"end":{"line":562,"column":39}},"331":{"start":{"line":563,"column":30},"end":{"line":563,"column":32}},"332":{"start":{"line":565,"column":12},"end":{"line":565,"column":30}},"333":{"start":{"line":566,"column":12},"end":{"line":566,"column":32}},"334":{"start":{"line":568,"column":29},"end":{"line":568,"column":39}},"335":{"start":{"line":569,"column":12},"end":{"line":569,"column":80}},"336":{"start":{"line":570,"column":12},"end":{"line":572,"column":13}},"337":{"start":{"line":570,"column":24},"end":{"line":570,"column":25}},"338":{"start":{"line":571,"column":16},"end":{"line":571,"column":87}},"339":{"start":{"line":574,"column":12},"end":{"line":578,"column":14}},"340":{"start":{"line":575,"column":16},"end":{"line":577,"column":17}},"341":{"start":{"line":575,"column":28},"end":{"line":575,"column":29}},"342":{"start":{"line":576,"column":20},"end":{"line":576,"column":55}},"343":{"start":{"line":580,"column":12},"end":{"line":580,"column":26}},"344":{"start":{"line":585,"column":21},"end":{"line":585,"column":46}},"345":{"start":{"line":586,"column":22},"end":{"line":586,"column":54}},"346":{"start":{"line":587,"column":20},"end":{"line":587,"column":79}},"347":{"start":{"line":588,"column":8},"end":{"line":588,"column":19}},"348":{"start":{"line":589,"column":8},"end":{"line":589,"column":70}},"349":{"start":{"line":590,"column":8},"end":{"line":590,"column":18}}},"fnMap":{"0":{"name":"(anonymous_0)","decl":{"start":{"line":28,"column":22},"end":{"line":28,"column":23}},"loc":{"start":{"line":28,"column":111},"end":{"line":52,"column":1}},"line":28},"1":{"name":"(anonymous_1)","decl":{"start":{"line":60,"column":4},"end":{"line":60,"column":5}},"loc":{"start":{"line":60,"column":17},"end":{"line":81,"column":5}},"line":60},"2":{"name":"(anonymous_2)","decl":{"start":{"line":61,"column":55},"end":{"line":61,"column":56}},"loc":{"start":{"line":61,"column":70},"end":{"line":80,"column":9}},"line":61},"3":{"name":"(anonymous_3)","decl":{"start":{"line":65,"column":86},"end":{"line":65,"column":87}},"loc":{"start":{"line":65,"column":93},"end":{"line":65,"column":111}},"line":65},"4":{"name":"(anonymous_4)","decl":{"start":{"line":66,"column":30},"end":{"line":66,"column":31}},"loc":{"start":{"line":66,"column":40},"end":{"line":70,"column":17}},"line":66},"5":{"name":"(anonymous_5)","decl":{"start":{"line":73,"column":89},"end":{"line":73,"column":90}},"loc":{"start":{"line":73,"column":96},"end":{"line":73,"column":114}},"line":73},"6":{"name":"(anonymous_6)","decl":{"start":{"line":74,"column":30},"end":{"line":74,"column":31}},"loc":{"start":{"line":74,"column":40},"end":{"line":78,"column":17}},"line":74},"7":{"name":"(anonymous_7)","decl":{"start":{"line":83,"column":4},"end":{"line":83,"column":5}},"loc":{"start":{"line":83,"column":33},"end":{"line":86,"column":5}},"line":83},"8":{"name":"(anonymous_8)","decl":{"start":{"line":88,"column":4},"end":{"line":88,"column":5}},"loc":{"start":{"line":88,"column":14},"end":{"line":90,"column":5}},"line":88},"9":{"name":"(anonymous_9)","decl":{"start":{"line":92,"column":4},"end":{"line":92,"column":5}},"loc":{"start":{"line":92,"column":19},"end":{"line":102,"column":5}},"line":92},"10":{"name":"(anonymous_10)","decl":{"start":{"line":104,"column":4},"end":{"line":104,"column":5}},"loc":{"start":{"line":104,"column":26},"end":{"line":112,"column":5}},"line":104},"11":{"name":"(anonymous_11)","decl":{"start":{"line":114,"column":4},"end":{"line":114,"column":5}},"loc":{"start":{"line":114,"column":24},"end":{"line":119,"column":5}},"line":114},"12":{"name":"(anonymous_12)","decl":{"start":{"line":121,"column":4},"end":{"line":121,"column":5}},"loc":{"start":{"line":121,"column":41},"end":{"line":139,"column":5}},"line":121},"13":{"name":"(anonymous_13)","decl":{"start":{"line":141,"column":4},"end":{"line":141,"column":5}},"loc":{"start":{"line":141,"column":30},"end":{"line":155,"column":5}},"line":141},"14":{"name":"(anonymous_14)","decl":{"start":{"line":157,"column":4},"end":{"line":157,"column":5}},"loc":{"start":{"line":157,"column":38},"end":{"line":173,"column":5}},"line":157},"15":{"name":"(anonymous_15)","decl":{"start":{"line":175,"column":4},"end":{"line":175,"column":5}},"loc":{"start":{"line":175,"column":29},"end":{"line":194,"column":5}},"line":175},"16":{"name":"(anonymous_16)","decl":{"start":{"line":178,"column":46},"end":{"line":178,"column":47}},"loc":{"start":{"line":178,"column":62},"end":{"line":188,"column":9}},"line":178},"17":{"name":"(anonymous_17)","decl":{"start":{"line":196,"column":4},"end":{"line":196,"column":5}},"loc":{"start":{"line":196,"column":98},"end":{"line":238,"column":5}},"line":196},"18":{"name":"(anonymous_18)","decl":{"start":{"line":240,"column":4},"end":{"line":240,"column":5}},"loc":{"start":{"line":240,"column":33},"end":{"line":253,"column":5}},"line":240},"19":{"name":"(anonymous_19)","decl":{"start":{"line":241,"column":59},"end":{"line":241,"column":60}},"loc":{"start":{"line":241,"column":75},"end":{"line":252,"column":9}},"line":241},"20":{"name":"(anonymous_20)","decl":{"start":{"line":255,"column":4},"end":{"line":255,"column":5}},"loc":{"start":{"line":255,"column":12},"end":{"line":257,"column":5}},"line":255},"21":{"name":"(anonymous_21)","decl":{"start":{"line":259,"column":4},"end":{"line":259,"column":5}},"loc":{"start":{"line":259,"column":39},"end":{"line":271,"column":5}},"line":259},"22":{"name":"(anonymous_22)","decl":{"start":{"line":266,"column":48},"end":{"line":266,"column":49}},"loc":{"start":{"line":266,"column":62},"end":{"line":270,"column":9}},"line":266},"23":{"name":"(anonymous_23)","decl":{"start":{"line":273,"column":4},"end":{"line":273,"column":5}},"loc":{"start":{"line":273,"column":32},"end":{"line":291,"column":5}},"line":273},"24":{"name":"(anonymous_24)","decl":{"start":{"line":293,"column":4},"end":{"line":293,"column":5}},"loc":{"start":{"line":293,"column":96},"end":{"line":328,"column":5}},"line":293},"25":{"name":"(anonymous_25)","decl":{"start":{"line":313,"column":50},"end":{"line":313,"column":51}},"loc":{"start":{"line":313,"column":64},"end":{"line":317,"column":17}},"line":313},"26":{"name":"(anonymous_26)","decl":{"start":{"line":330,"column":4},"end":{"line":330,"column":5}},"loc":{"start":{"line":330,"column":93},"end":{"line":365,"column":5}},"line":330},"27":{"name":"(anonymous_27)","decl":{"start":{"line":350,"column":50},"end":{"line":350,"column":51}},"loc":{"start":{"line":350,"column":64},"end":{"line":354,"column":17}},"line":350},"28":{"name":"(anonymous_28)","decl":{"start":{"line":367,"column":4},"end":{"line":367,"column":5}},"loc":{"start":{"line":367,"column":43},"end":{"line":392,"column":5}},"line":367},"29":{"name":"(anonymous_29)","decl":{"start":{"line":381,"column":72},"end":{"line":381,"column":73}},"loc":{"start":{"line":381,"column":94},"end":{"line":385,"column":17}},"line":381},"30":{"name":"(anonymous_30)","decl":{"start":{"line":395,"column":4},"end":{"line":395,"column":5}},"loc":{"start":{"line":395,"column":107},"end":{"line":444,"column":5}},"line":395},"31":{"name":"(anonymous_31)","decl":{"start":{"line":430,"column":50},"end":{"line":430,"column":51}},"loc":{"start":{"line":430,"column":64},"end":{"line":434,"column":17}},"line":430},"32":{"name":"(anonymous_32)","decl":{"start":{"line":446,"column":4},"end":{"line":446,"column":5}},"loc":{"start":{"line":446,"column":104},"end":{"line":495,"column":5}},"line":446},"33":{"name":"(anonymous_33)","decl":{"start":{"line":481,"column":50},"end":{"line":481,"column":51}},"loc":{"start":{"line":481,"column":64},"end":{"line":485,"column":17}},"line":481},"34":{"name":"(anonymous_34)","decl":{"start":{"line":497,"column":4},"end":{"line":497,"column":5}},"loc":{"start":{"line":497,"column":114},"end":{"line":539,"column":5}},"line":497},"35":{"name":"(anonymous_35)","decl":{"start":{"line":531,"column":46},"end":{"line":531,"column":47}},"loc":{"start":{"line":531,"column":55},"end":{"line":535,"column":13}},"line":531},"36":{"name":"(anonymous_36)","decl":{"start":{"line":541,"column":4},"end":{"line":541,"column":5}},"loc":{"start":{"line":541,"column":111},"end":{"line":582,"column":5}},"line":541},"37":{"name":"(anonymous_37)","decl":{"start":{"line":574,"column":46},"end":{"line":574,"column":47}},"loc":{"start":{"line":574,"column":55},"end":{"line":578,"column":13}},"line":574},"38":{"name":"(anonymous_38)","decl":{"start":{"line":584,"column":4},"end":{"line":584,"column":5}},"loc":{"start":{"line":584,"column":34},"end":{"line":595,"column":5}},"line":584}},"branchMap":{"0":{"loc":{"start":{"line":28,"column":58},"end":{"line":28,"column":81}},"type":"default-arg","locations":[{"start":{"line":28,"column":77},"end":{"line":28,"column":81}}],"line":28},"1":{"loc":{"start":{"line":28,"column":83},"end":{"line":28,"column":106}},"type":"default-arg","locations":[{"start":{"line":28,"column":102},"end":{"line":28,"column":106}}],"line":28},"2":{"loc":{"start":{"line":33,"column":4},"end":{"line":51,"column":3}},"type":"if","locations":[{"start":{"line":33,"column":4},"end":{"line":51,"column":3}},{"start":{"line":47,"column":9},"end":{"line":51,"column":3}}],"line":33},"3":{"loc":{"start":{"line":33,"column":7},"end":{"line":33,"column":44}},"type":"binary-expr","locations":[{"start":{"line":33,"column":7},"end":{"line":33,"column":24}},{"start":{"line":33,"column":28},"end":{"line":33,"column":44}}],"line":33},"4":{"loc":{"start":{"line":34,"column":8},"end":{"line":46,"column":9}},"type":"if","locations":[{"start":{"line":34,"column":8},"end":{"line":46,"column":9}},{"start":{"line":36,"column":14},"end":{"line":46,"column":9}}],"line":34},"5":{"loc":{"start":{"line":36,"column":14},"end":{"line":46,"column":9}},"type":"if","locations":[{"start":{"line":36,"column":14},"end":{"line":46,"column":9}},{"start":{"line":42,"column":14},"end":{"line":46,"column":9}}],"line":36},"6":{"loc":{"start":{"line":37,"column":12},"end":{"line":41,"column":13}},"type":"if","locations":[{"start":{"line":37,"column":12},"end":{"line":41,"column":13}},{"start":{"line":39,"column":17},"end":{"line":41,"column":13}}],"line":37},"7":{"loc":{"start":{"line":42,"column":14},"end":{"line":46,"column":9}},"type":"if","locations":[{"start":{"line":42,"column":14},"end":{"line":46,"column":9}},{"start":{"line":44,"column":13},"end":{"line":46,"column":9}}],"line":42},"8":{"loc":{"start":{"line":42,"column":17},"end":{"line":42,"column":50}},"type":"binary-expr","locations":[{"start":{"line":42,"column":17},"end":{"line":42,"column":30}},{"start":{"line":42,"column":34},"end":{"line":42,"column":50}}],"line":42},"9":{"loc":{"start":{"line":48,"column":6},"end":{"line":50,"column":7}},"type":"if","locations":[{"start":{"line":48,"column":6},"end":{"line":50,"column":7}},{"start":{},"end":{}}],"line":48},"10":{"loc":{"start":{"line":63,"column":36},"end":{"line":63,"column":101}},"type":"cond-expr","locations":[{"start":{"line":63,"column":70},"end":{"line":63,"column":93}},{"start":{"line":63,"column":96},"end":{"line":63,"column":101}}],"line":63},"11":{"loc":{"start":{"line":64,"column":12},"end":{"line":79,"column":13}},"type":"if","locations":[{"start":{"line":64,"column":12},"end":{"line":79,"column":13}},{"start":{"line":71,"column":18},"end":{"line":79,"column":13}}],"line":64},"12":{"loc":{"start":{"line":71,"column":18},"end":{"line":79,"column":13}},"type":"if","locations":[{"start":{"line":71,"column":18},"end":{"line":79,"column":13}},{"start":{},"end":{}}],"line":71},"13":{"loc":{"start":{"line":121,"column":28},"end":{"line":121,"column":40}},"type":"default-arg","locations":[{"start":{"line":121,"column":36},"end":{"line":121,"column":40}}],"line":121},"14":{"loc":{"start":{"line":124,"column":10},"end":{"line":134,"column":11}},"type":"if","locations":[{"start":{"line":124,"column":10},"end":{"line":134,"column":11}},{"start":{},"end":{}}],"line":124},"15":{"loc":{"start":{"line":126,"column":14},"end":{"line":130,"column":15}},"type":"if","locations":[{"start":{"line":126,"column":14},"end":{"line":130,"column":15}},{"start":{"line":128,"column":19},"end":{"line":130,"column":15}}],"line":126},"16":{"loc":{"start":{"line":144,"column":12},"end":{"line":150,"column":13}},"type":"if","locations":[{"start":{"line":144,"column":12},"end":{"line":150,"column":13}},{"start":{},"end":{}}],"line":144},"17":{"loc":{"start":{"line":160,"column":12},"end":{"line":168,"column":13}},"type":"if","locations":[{"start":{"line":160,"column":12},"end":{"line":168,"column":13}},{"start":{},"end":{}}],"line":160},"18":{"loc":{"start":{"line":180,"column":12},"end":{"line":182,"column":13}},"type":"if","locations":[{"start":{"line":180,"column":12},"end":{"line":182,"column":13}},{"start":{},"end":{}}],"line":180},"19":{"loc":{"start":{"line":180,"column":15},"end":{"line":180,"column":66}},"type":"binary-expr","locations":[{"start":{"line":180,"column":15},"end":{"line":180,"column":35}},{"start":{"line":180,"column":39},"end":{"line":180,"column":66}}],"line":180},"20":{"loc":{"start":{"line":183,"column":27},"end":{"line":183,"column":58}},"type":"binary-expr","locations":[{"start":{"line":183,"column":27},"end":{"line":183,"column":32}},{"start":{"line":183,"column":37},"end":{"line":183,"column":57}}],"line":183},"21":{"loc":{"start":{"line":184,"column":12},"end":{"line":186,"column":13}},"type":"if","locations":[{"start":{"line":184,"column":12},"end":{"line":186,"column":13}},{"start":{},"end":{}}],"line":184},"22":{"loc":{"start":{"line":187,"column":19},"end":{"line":187,"column":32}},"type":"binary-expr","locations":[{"start":{"line":187,"column":19},"end":{"line":187,"column":22}},{"start":{"line":187,"column":26},"end":{"line":187,"column":32}}],"line":187},"23":{"loc":{"start":{"line":189,"column":8},"end":{"line":193,"column":9}},"type":"if","locations":[{"start":{"line":189,"column":8},"end":{"line":193,"column":9}},{"start":{"line":191,"column":13},"end":{"line":193,"column":9}}],"line":189},"24":{"loc":{"start":{"line":196,"column":28},"end":{"line":196,"column":38}},"type":"default-arg","locations":[{"start":{"line":196,"column":34},"end":{"line":196,"column":38}}],"line":196},"25":{"loc":{"start":{"line":196,"column":40},"end":{"line":196,"column":63}},"type":"default-arg","locations":[{"start":{"line":196,"column":59},"end":{"line":196,"column":63}}],"line":196},"26":{"loc":{"start":{"line":196,"column":65},"end":{"line":196,"column":97}},"type":"default-arg","locations":[{"start":{"line":196,"column":92},"end":{"line":196,"column":97}}],"line":196},"27":{"loc":{"start":{"line":207,"column":12},"end":{"line":212,"column":13}},"type":"if","locations":[{"start":{"line":207,"column":12},"end":{"line":212,"column":13}},{"start":{},"end":{}}],"line":207},"28":{"loc":{"start":{"line":207,"column":15},"end":{"line":207,"column":54}},"type":"binary-expr","locations":[{"start":{"line":207,"column":15},"end":{"line":207,"column":33}},{"start":{"line":207,"column":37},"end":{"line":207,"column":54}}],"line":207},"29":{"loc":{"start":{"line":208,"column":16},"end":{"line":210,"column":17}},"type":"if","locations":[{"start":{"line":208,"column":16},"end":{"line":210,"column":17}},{"start":{},"end":{}}],"line":208},"30":{"loc":{"start":{"line":213,"column":12},"end":{"line":233,"column":13}},"type":"if","locations":[{"start":{"line":213,"column":12},"end":{"line":233,"column":13}},{"start":{},"end":{}}],"line":213},"31":{"loc":{"start":{"line":214,"column":16},"end":{"line":232,"column":17}},"type":"if","locations":[{"start":{"line":214,"column":16},"end":{"line":232,"column":17}},{"start":{"line":226,"column":22},"end":{"line":232,"column":17}}],"line":214},"32":{"loc":{"start":{"line":226,"column":22},"end":{"line":232,"column":17}},"type":"if","locations":[{"start":{"line":226,"column":22},"end":{"line":232,"column":17}},{"start":{"line":228,"column":22},"end":{"line":232,"column":17}}],"line":226},"33":{"loc":{"start":{"line":228,"column":22},"end":{"line":232,"column":17}},"type":"if","locations":[{"start":{"line":228,"column":22},"end":{"line":232,"column":17}},{"start":{},"end":{}}],"line":228},"34":{"loc":{"start":{"line":229,"column":20},"end":{"line":231,"column":21}},"type":"if","locations":[{"start":{"line":229,"column":20},"end":{"line":231,"column":21}},{"start":{},"end":{}}],"line":229},"35":{"loc":{"start":{"line":235,"column":8},"end":{"line":237,"column":9}},"type":"if","locations":[{"start":{"line":235,"column":8},"end":{"line":237,"column":9}},{"start":{},"end":{}}],"line":235},"36":{"loc":{"start":{"line":240,"column":15},"end":{"line":240,"column":32}},"type":"default-arg","locations":[{"start":{"line":240,"column":30},"end":{"line":240,"column":32}}],"line":240},"37":{"loc":{"start":{"line":242,"column":12},"end":{"line":250,"column":13}},"type":"if","locations":[{"start":{"line":242,"column":12},"end":{"line":250,"column":13}},{"start":{},"end":{}}],"line":242},"38":{"loc":{"start":{"line":243,"column":16},"end":{"line":249,"column":17}},"type":"if","locations":[{"start":{"line":243,"column":16},"end":{"line":249,"column":17}},{"start":{"line":247,"column":21},"end":{"line":249,"column":17}}],"line":243},"39":{"loc":{"start":{"line":244,"column":20},"end":{"line":246,"column":21}},"type":"if","locations":[{"start":{"line":244,"column":20},"end":{"line":246,"column":21}},{"start":{},"end":{}}],"line":244},"40":{"loc":{"start":{"line":277,"column":12},"end":{"line":281,"column":13}},"type":"if","locations":[{"start":{"line":277,"column":12},"end":{"line":281,"column":13}},{"start":{},"end":{}}],"line":277},"41":{"loc":{"start":{"line":293,"column":55},"end":{"line":293,"column":73}},"type":"default-arg","locations":[{"start":{"line":293,"column":71},"end":{"line":293,"column":73}}],"line":293},"42":{"loc":{"start":{"line":293,"column":75},"end":{"line":293,"column":95}},"type":"default-arg","locations":[{"start":{"line":293,"column":90},"end":{"line":293,"column":95}}],"line":293},"43":{"loc":{"start":{"line":297,"column":12},"end":{"line":301,"column":13}},"type":"if","locations":[{"start":{"line":297,"column":12},"end":{"line":301,"column":13}},{"start":{},"end":{}}],"line":297},"44":{"loc":{"start":{"line":330,"column":52},"end":{"line":330,"column":70}},"type":"default-arg","locations":[{"start":{"line":330,"column":68},"end":{"line":330,"column":70}}],"line":330},"45":{"loc":{"start":{"line":330,"column":72},"end":{"line":330,"column":92}},"type":"default-arg","locations":[{"start":{"line":330,"column":87},"end":{"line":330,"column":92}}],"line":330},"46":{"loc":{"start":{"line":334,"column":12},"end":{"line":338,"column":13}},"type":"if","locations":[{"start":{"line":334,"column":12},"end":{"line":338,"column":13}},{"start":{},"end":{}}],"line":334},"47":{"loc":{"start":{"line":367,"column":30},"end":{"line":367,"column":42}},"type":"default-arg","locations":[{"start":{"line":367,"column":40},"end":{"line":367,"column":42}}],"line":367},"48":{"loc":{"start":{"line":370,"column":8},"end":{"line":374,"column":9}},"type":"if","locations":[{"start":{"line":370,"column":8},"end":{"line":374,"column":9}},{"start":{"line":372,"column":13},"end":{"line":374,"column":9}}],"line":370},"49":{"loc":{"start":{"line":378,"column":12},"end":{"line":386,"column":13}},"type":"if","locations":[{"start":{"line":378,"column":12},"end":{"line":386,"column":13}},{"start":{"line":380,"column":17},"end":{"line":386,"column":13}}],"line":378},"50":{"loc":{"start":{"line":395,"column":52},"end":{"line":395,"column":64}},"type":"default-arg","locations":[{"start":{"line":395,"column":62},"end":{"line":395,"column":64}}],"line":395},"51":{"loc":{"start":{"line":395,"column":66},"end":{"line":395,"column":84}},"type":"default-arg","locations":[{"start":{"line":395,"column":82},"end":{"line":395,"column":84}}],"line":395},"52":{"loc":{"start":{"line":395,"column":86},"end":{"line":395,"column":106}},"type":"default-arg","locations":[{"start":{"line":395,"column":101},"end":{"line":395,"column":106}}],"line":395},"53":{"loc":{"start":{"line":398,"column":8},"end":{"line":402,"column":9}},"type":"if","locations":[{"start":{"line":398,"column":8},"end":{"line":402,"column":9}},{"start":{"line":400,"column":13},"end":{"line":402,"column":9}}],"line":398},"54":{"loc":{"start":{"line":410,"column":8},"end":{"line":412,"column":9}},"type":"if","locations":[{"start":{"line":410,"column":8},"end":{"line":412,"column":9}},{"start":{},"end":{}}],"line":410},"55":{"loc":{"start":{"line":446,"column":49},"end":{"line":446,"column":61}},"type":"default-arg","locations":[{"start":{"line":446,"column":59},"end":{"line":446,"column":61}}],"line":446},"56":{"loc":{"start":{"line":446,"column":63},"end":{"line":446,"column":81}},"type":"default-arg","locations":[{"start":{"line":446,"column":79},"end":{"line":446,"column":81}}],"line":446},"57":{"loc":{"start":{"line":446,"column":83},"end":{"line":446,"column":103}},"type":"default-arg","locations":[{"start":{"line":446,"column":98},"end":{"line":446,"column":103}}],"line":446},"58":{"loc":{"start":{"line":449,"column":8},"end":{"line":453,"column":9}},"type":"if","locations":[{"start":{"line":449,"column":8},"end":{"line":453,"column":9}},{"start":{"line":451,"column":13},"end":{"line":453,"column":9}}],"line":449},"59":{"loc":{"start":{"line":461,"column":8},"end":{"line":463,"column":9}},"type":"if","locations":[{"start":{"line":461,"column":8},"end":{"line":463,"column":9}},{"start":{},"end":{}}],"line":461},"60":{"loc":{"start":{"line":497,"column":59},"end":{"line":497,"column":71}},"type":"default-arg","locations":[{"start":{"line":497,"column":69},"end":{"line":497,"column":71}}],"line":497},"61":{"loc":{"start":{"line":497,"column":73},"end":{"line":497,"column":91}},"type":"default-arg","locations":[{"start":{"line":497,"column":89},"end":{"line":497,"column":91}}],"line":497},"62":{"loc":{"start":{"line":497,"column":93},"end":{"line":497,"column":113}},"type":"default-arg","locations":[{"start":{"line":497,"column":108},"end":{"line":497,"column":113}}],"line":497},"63":{"loc":{"start":{"line":500,"column":8},"end":{"line":504,"column":9}},"type":"if","locations":[{"start":{"line":500,"column":8},"end":{"line":504,"column":9}},{"start":{"line":502,"column":13},"end":{"line":504,"column":9}}],"line":500},"64":{"loc":{"start":{"line":513,"column":8},"end":{"line":515,"column":9}},"type":"if","locations":[{"start":{"line":513,"column":8},"end":{"line":515,"column":9}},{"start":{},"end":{}}],"line":513},"65":{"loc":{"start":{"line":541,"column":56},"end":{"line":541,"column":68}},"type":"default-arg","locations":[{"start":{"line":541,"column":66},"end":{"line":541,"column":68}}],"line":541},"66":{"loc":{"start":{"line":541,"column":70},"end":{"line":541,"column":88}},"type":"default-arg","locations":[{"start":{"line":541,"column":86},"end":{"line":541,"column":88}}],"line":541},"67":{"loc":{"start":{"line":541,"column":90},"end":{"line":541,"column":110}},"type":"default-arg","locations":[{"start":{"line":541,"column":105},"end":{"line":541,"column":110}}],"line":541},"68":{"loc":{"start":{"line":544,"column":8},"end":{"line":548,"column":9}},"type":"if","locations":[{"start":{"line":544,"column":8},"end":{"line":548,"column":9}},{"start":{"line":546,"column":13},"end":{"line":548,"column":9}}],"line":544},"69":{"loc":{"start":{"line":557,"column":8},"end":{"line":559,"column":9}},"type":"if","locations":[{"start":{"line":557,"column":8},"end":{"line":559,"column":9}},{"start":{},"end":{}}],"line":557}},"s":{"0":1,"1":0,"2":0,"3":0,"4":0,"5":0,"6":0,"7":0,"8":0,"9":0,"10":0,"11":0,"12":0,"13":0,"14":0,"15":0,"16":1,"17":1,"18":1,"19":1,"20":0,"21":0,"22":0,"23":0,"24":0,"25":0,"26":0,"27":0,"28":0,"29":0,"30":0,"31":0,"32":0,"33":0,"34":0,"35":0,"36":0,"37":0,"38":0,"39":0,"40":0,"41":0,"42":0,"43":0,"44":0,"45":0,"46":0,"47":0,"48":0,"49":0,"50":0,"51":0,"52":0,"53":0,"54":0,"55":0,"56":0,"57":0,"58":0,"59":0,"60":0,"61":0,"62":0,"63":0,"64":0,"65":0,"66":0,"67":0,"68":0,"69":0,"70":0,"71":0,"72":0,"73":0,"74":0,"75":0,"76":0,"77":0,"78":0,"79":0,"80":0,"81":0,"82":0,"83":0,"84":0,"85":0,"86":0,"87":0,"88":0,"89":0,"90":0,"91":0,"92":0,"93":0,"94":0,"95":0,"96":0,"97":0,"98":0,"99":0,"100":0,"101":0,"102":0,"103":0,"104":0,"105":0,"106":0,"107":0,"108":0,"109":0,"110":0,"111":0,"112":0,"113":0,"114":0,"115":0,"116":0,"117":0,"118":0,"119":0,"120":0,"121":0,"122":0,"123":0,"124":0,"125":0,"126":0,"127":0,"128":0,"129":0,"130":0,"131":0,"132":0,"133":0,"134":0,"135":0,"136":0,"137":0,"138":0,"139":0,"140":0,"141":0,"142":0,"143":0,"144":0,"145":0,"146":0,"147":0,"148":0,"149":0,"150":0,"151":0,"152":0,"153":0,"154":0,"155":0,"156":0,"157":0,"158":0,"159":0,"160":0,"161":0,"162":0,"163":0,"164":0,"165":0,"166":0,"167":0,"168":0,"169":0,"170":0,"171":0,"172":0,"173":0,"174":0,"175":0,"176":0,"177":0,"178":0,"179":0,"180":0,"181":0,"182":0,"183":0,"184":0,"185":0,"186":0,"187":0,"188":0,"189":0,"190":0,"191":0,"192":0,"193":0,"194":0,"195":0,"196":0,"197":0,"198":0,"199":0,"200":0,"201":0,"202":0,"203":0,"204":0,"205":0,"206":0,"207":0,"208":0,"209":0,"210":0,"211":0,"212":0,"213":0,"214":0,"215":0,"216":0,"217":0,"218":0,"219":0,"220":0,"221":0,"222":0,"223":0,"224":0,"225":0,"226":0,"227":0,"228":0,"229":0,"230":0,"231":0,"232":0,"233":0,"234":0,"235":0,"236":0,"237":0,"238":0,"239":0,"240":0,"241":0,"242":0,"243":0,"244":0,"245":0,"246":0,"247":0,"248":0,"249":0,"250":0,"251":0,"252":0,"253":0,"254":0,"255":0,"256":0,"257":0,"258":0,"259":0,"260":0,"261":0,"262":0,"263":0,"264":0,"265":0,"266":0,"267":0,"268":0,"269":0,"270":0,"271":0,"272":0,"273":0,"274":0,"275":0,"276":0,"277":0,"278":0,"279":0,"280":0,"281":0,"282":0,"283":0,"284":0,"285":0,"286":0,"287":0,"288":0,"289":0,"290":0,"291":0,"292":0,"293":0,"294":0,"295":0,"296":0,"297":0,"298":0,"299":0,"300":0,"301":0,"302":0,"303":0,"304":0,"305":0,"306":0,"307":0,"308":0,"309":0,"310":0,"311":0,"312":0,"313":0,"314":0,"315":0,"316":0,"317":0,"318":0,"319":0,"320":0,"321":0,"322":0,"323":0,"324":0,"325":0,"326":0,"327":0,"328":0,"329":0,"330":0,"331":0,"332":0,"333":0,"334":0,"335":0,"336":0,"337":0,"338":0,"339":0,"340":0,"341":0,"342":0,"343":0,"344":1,"345":1,"346":1,"347":1,"348":1,"349":1},"f":{"0":0,"1":0,"2":0,"3":0,"4":0,"5":0,"6":0,"7":0,"8":0,"9":0,"10":0,"11":0,"12":0,"13":0,"14":0,"15":0,"16":0,"17":0,"18":0,"19":0,"20":0,"21":0,"22":0,"23":0,"24":0,"25":0,"26":0,"27":0,"28":0,"29":0,"30":0,"31":0,"32":0,"33":0,"34":0,"35":0,"36":0,"37":0,"38":1},"b":{"0":[0],"1":[0],"2":[0,0],"3":[0,0],"4":[0,0],"5":[0,0],"6":[0,0],"7":[0,0],"8":[0,0],"9":[0,0],"10":[0,0],"11":[0,0],"12":[0,0],"13":[0],"14":[0,0],"15":[0,0],"16":[0,0],"17":[0,0],"18":[0,0],"19":[0,0],"20":[0,0],"21":[0,0],"22":[0,0],"23":[0,0],"24":[0],"25":[0],"26":[0],"27":[0,0],"28":[0,0],"29":[0,0],"30":[0,0],"31":[0,0],"32":[0,0],"33":[0,0],"34":[0,0],"35":[0,0],"36":[0],"37":[0,0],"38":[0,0],"39":[0,0],"40":[0,0],"41":[0],"42":[0],"43":[0,0],"44":[0],"45":[0],"46":[0,0],"47":[0],"48":[0,0],"49":[0,0],"50":[0],"51":[0],"52":[0],"53":[0,0],"54":[0,0],"55":[0],"56":[0],"57":[0],"58":[0,0],"59":[0,0],"60":[0],"61":[0],"62":[0],"63":[0,0],"64":[0,0],"65":[0],"66":[0],"67":[0],"68":[0,0],"69":[0,0]},"_coverageSchema":"1a1c01bbd47fc00a2c39e90264f33305004495a9","hash":"bfe733598174e6453659667d0281aeaba74c06cb"}
,"C:\\Visi 8\\Webcomic\\Vue 3\\new\\comic-firebase-admin\\src\\firebase\\Subcollection.js": {"path":"C:\\Visi 8\\Webcomic\\Vue 3\\new\\comic-firebase-admin\\src\\firebase\\Subcollection.js","statementMap":{"0":{"start":{"line":29,"column":22},"end":{"line":53,"column":1}},"1":{"start":{"line":30,"column":23},"end":{"line":30,"column":46}},"2":{"start":{"line":31,"column":29},"end":{"line":31,"column":58}},"3":{"start":{"line":32,"column":26},"end":{"line":32,"column":52}},"4":{"start":{"line":34,"column":4},"end":{"line":52,"column":3}},"5":{"start":{"line":35,"column":8},"end":{"line":47,"column":9}},"6":{"start":{"line":36,"column":12},"end":{"line":36,"column":88}},"7":{"start":{"line":37,"column":14},"end":{"line":47,"column":9}},"8":{"start":{"line":38,"column":12},"end":{"line":42,"column":13}},"9":{"start":{"line":39,"column":16},"end":{"line":39,"column":77}},"10":{"start":{"line":41,"column":16},"end":{"line":41,"column":41}},"11":{"start":{"line":43,"column":14},"end":{"line":47,"column":9}},"12":{"start":{"line":44,"column":12},"end":{"line":44,"column":72}},"13":{"start":{"line":46,"column":12},"end":{"line":46,"column":37}},"14":{"start":{"line":49,"column":6},"end":{"line":51,"column":7}},"15":{"start":{"line":50,"column":10},"end":{"line":50,"column":71}},"16":{"start":{"line":56,"column":24},"end":{"line":56,"column":26}},"17":{"start":{"line":57,"column":26},"end":{"line":57,"column":31}},"18":{"start":{"line":58,"column":20},"end":{"line":58,"column":22}},"19":{"start":{"line":59,"column":16},"end":{"line":59,"column":27}},"20":{"start":{"line":62,"column":8},"end":{"line":81,"column":10}},"21":{"start":{"line":63,"column":28},"end":{"line":63,"column":76}},"22":{"start":{"line":64,"column":36},"end":{"line":64,"column":101}},"23":{"start":{"line":65,"column":12},"end":{"line":80,"column":13}},"24":{"start":{"line":66,"column":30},"end":{"line":66,"column":112}},"25":{"start":{"line":66,"column":93},"end":{"line":66,"column":111}},"26":{"start":{"line":67,"column":16},"end":{"line":71,"column":18}},"27":{"start":{"line":68,"column":20},"end":{"line":70,"column":22}},"28":{"start":{"line":72,"column":18},"end":{"line":80,"column":13}},"29":{"start":{"line":73,"column":30},"end":{"line":73,"column":44}},"30":{"start":{"line":74,"column":30},"end":{"line":74,"column":115}},"31":{"start":{"line":74,"column":96},"end":{"line":74,"column":114}},"32":{"start":{"line":75,"column":16},"end":{"line":79,"column":18}},"33":{"start":{"line":76,"column":20},"end":{"line":78,"column":22}},"34":{"start":{"line":85,"column":18},"end":{"line":85,"column":54}},"35":{"start":{"line":86,"column":6},"end":{"line":86,"column":74}},"36":{"start":{"line":90,"column":8},"end":{"line":90,"column":25}},"37":{"start":{"line":94,"column":21},"end":{"line":94,"column":49}},"38":{"start":{"line":95,"column":27},"end":{"line":95,"column":29}},"39":{"start":{"line":96,"column":22},"end":{"line":96,"column":24}},"40":{"start":{"line":97,"column":8},"end":{"line":100,"column":9}},"41":{"start":{"line":97,"column":20},"end":{"line":97,"column":21}},"42":{"start":{"line":98,"column":12},"end":{"line":98,"column":45}},"43":{"start":{"line":99,"column":12},"end":{"line":99,"column":31}},"44":{"start":{"line":102,"column":8},"end":{"line":102,"column":42}},"45":{"start":{"line":106,"column":6},"end":{"line":112,"column":7}},"46":{"start":{"line":107,"column":8},"end":{"line":107,"column":37}},"47":{"start":{"line":108,"column":8},"end":{"line":108,"column":19}},"48":{"start":{"line":110,"column":8},"end":{"line":110,"column":47}},"49":{"start":{"line":111,"column":8},"end":{"line":111,"column":17}},"50":{"start":{"line":116,"column":21},"end":{"line":116,"column":38}},"51":{"start":{"line":117,"column":23},"end":{"line":117,"column":59}},"52":{"start":{"line":118,"column":8},"end":{"line":118,"column":50}},"53":{"start":{"line":119,"column":8},"end":{"line":119,"column":19}},"54":{"start":{"line":123,"column":6},"end":{"line":139,"column":7}},"55":{"start":{"line":124,"column":29},"end":{"line":124,"column":64}},"56":{"start":{"line":125,"column":10},"end":{"line":135,"column":11}},"57":{"start":{"line":126,"column":31},"end":{"line":126,"column":43}},"58":{"start":{"line":127,"column":14},"end":{"line":131,"column":15}},"59":{"start":{"line":128,"column":16},"end":{"line":128,"column":59}},"60":{"start":{"line":130,"column":16},"end":{"line":130,"column":44}},"61":{"start":{"line":132,"column":14},"end":{"line":132,"column":47}},"62":{"start":{"line":133,"column":14},"end":{"line":133,"column":70}},"63":{"start":{"line":134,"column":14},"end":{"line":134,"column":25}},"64":{"start":{"line":137,"column":10},"end":{"line":137,"column":46}},"65":{"start":{"line":138,"column":10},"end":{"line":138,"column":19}},"66":{"start":{"line":143,"column":8},"end":{"line":155,"column":9}},"67":{"start":{"line":144,"column":31},"end":{"line":144,"column":66}},"68":{"start":{"line":145,"column":12},"end":{"line":151,"column":13}},"69":{"start":{"line":146,"column":33},"end":{"line":146,"column":45}},"70":{"start":{"line":147,"column":16},"end":{"line":147,"column":47}},"71":{"start":{"line":148,"column":16},"end":{"line":148,"column":49}},"72":{"start":{"line":149,"column":16},"end":{"line":149,"column":72}},"73":{"start":{"line":150,"column":16},"end":{"line":150,"column":27}},"74":{"start":{"line":153,"column":12},"end":{"line":153,"column":51}},"75":{"start":{"line":154,"column":12},"end":{"line":154,"column":21}},"76":{"start":{"line":159,"column":8},"end":{"line":173,"column":9}},"77":{"start":{"line":160,"column":31},"end":{"line":160,"column":54}},"78":{"start":{"line":161,"column":12},"end":{"line":169,"column":13}},"79":{"start":{"line":162,"column":31},"end":{"line":162,"column":82}},"80":{"start":{"line":163,"column":34},"end":{"line":163,"column":60}},"81":{"start":{"line":164,"column":31},"end":{"line":164,"column":54}},"82":{"start":{"line":165,"column":33},"end":{"line":165,"column":43}},"83":{"start":{"line":166,"column":16},"end":{"line":166,"column":87}},"84":{"start":{"line":168,"column":16},"end":{"line":168,"column":31}},"85":{"start":{"line":171,"column":12},"end":{"line":171,"column":51}},"86":{"start":{"line":172,"column":12},"end":{"line":172,"column":21}},"87":{"start":{"line":177,"column":22},"end":{"line":177,"column":24}},"88":{"start":{"line":178,"column":27},"end":{"line":178,"column":44}},"89":{"start":{"line":179,"column":28},"end":{"line":189,"column":16}},"90":{"start":{"line":180,"column":24},"end":{"line":180,"column":28}},"91":{"start":{"line":181,"column":12},"end":{"line":183,"column":13}},"92":{"start":{"line":182,"column":16},"end":{"line":182,"column":64}},"93":{"start":{"line":184,"column":27},"end":{"line":184,"column":58}},"94":{"start":{"line":185,"column":12},"end":{"line":187,"column":13}},"95":{"start":{"line":186,"column":16},"end":{"line":186,"column":33}},"96":{"start":{"line":188,"column":12},"end":{"line":188,"column":32}},"97":{"start":{"line":190,"column":8},"end":{"line":194,"column":9}},"98":{"start":{"line":191,"column":12},"end":{"line":191,"column":30}},"99":{"start":{"line":193,"column":12},"end":{"line":193,"column":73}},"100":{"start":{"line":198,"column":8},"end":{"line":198,"column":26}},"101":{"start":{"line":199,"column":8},"end":{"line":199,"column":20}},"102":{"start":{"line":200,"column":8},"end":{"line":200,"column":32}},"103":{"start":{"line":201,"column":23},"end":{"line":201,"column":59}},"104":{"start":{"line":202,"column":8},"end":{"line":236,"column":9}},"105":{"start":{"line":202,"column":20},"end":{"line":202,"column":21}},"106":{"start":{"line":203,"column":26},"end":{"line":203,"column":35}},"107":{"start":{"line":205,"column":36},"end":{"line":205,"column":74}},"108":{"start":{"line":206,"column":37},"end":{"line":206,"column":85}},"109":{"start":{"line":207,"column":35},"end":{"line":207,"column":89}},"110":{"start":{"line":209,"column":12},"end":{"line":214,"column":13}},"111":{"start":{"line":210,"column":16},"end":{"line":212,"column":17}},"112":{"start":{"line":211,"column":20},"end":{"line":211,"column":38}},"113":{"start":{"line":213,"column":16},"end":{"line":213,"column":24}},"114":{"start":{"line":215,"column":12},"end":{"line":235,"column":13}},"115":{"start":{"line":216,"column":16},"end":{"line":234,"column":17}},"116":{"start":{"line":217,"column":38},"end":{"line":217,"column":73}},"117":{"start":{"line":218,"column":39},"end":{"line":218,"column":41}},"118":{"start":{"line":219,"column":20},"end":{"line":226,"column":21}},"119":{"start":{"line":219,"column":32},"end":{"line":219,"column":33}},"120":{"start":{"line":220,"column":39},"end":{"line":220,"column":53}},"121":{"start":{"line":221,"column":45},"end":{"line":221,"column":47}},"122":{"start":{"line":222,"column":24},"end":{"line":224,"column":25}},"123":{"start":{"line":222,"column":36},"end":{"line":222,"column":37}},"124":{"start":{"line":223,"column":28},"end":{"line":223,"column":154}},"125":{"start":{"line":225,"column":24},"end":{"line":225,"column":53}},"126":{"start":{"line":227,"column":20},"end":{"line":227,"column":44}},"127":{"start":{"line":228,"column":22},"end":{"line":234,"column":17}},"128":{"start":{"line":229,"column":20},"end":{"line":229,"column":107}},"129":{"start":{"line":230,"column":22},"end":{"line":234,"column":17}},"130":{"start":{"line":231,"column":20},"end":{"line":233,"column":21}},"131":{"start":{"line":232,"column":24},"end":{"line":232,"column":83}},"132":{"start":{"line":237,"column":8},"end":{"line":239,"column":9}},"133":{"start":{"line":238,"column":12},"end":{"line":238,"column":26}},"134":{"start":{"line":243,"column":8},"end":{"line":254,"column":14}},"135":{"start":{"line":244,"column":12},"end":{"line":252,"column":13}},"136":{"start":{"line":245,"column":16},"end":{"line":251,"column":17}},"137":{"start":{"line":246,"column":20},"end":{"line":248,"column":21}},"138":{"start":{"line":247,"column":24},"end":{"line":247,"column":48}},"139":{"start":{"line":250,"column":20},"end":{"line":250,"column":44}},"140":{"start":{"line":253,"column":12},"end":{"line":253,"column":22}},"141":{"start":{"line":258,"column":8},"end":{"line":258,"column":24}},"142":{"start":{"line":262,"column":21},"end":{"line":262,"column":25}},"143":{"start":{"line":263,"column":25},"end":{"line":263,"column":27}},"144":{"start":{"line":264,"column":8},"end":{"line":266,"column":9}},"145":{"start":{"line":264,"column":20},"end":{"line":264,"column":21}},"146":{"start":{"line":265,"column":12},"end":{"line":265,"column":78}},"147":{"start":{"line":268,"column":8},"end":{"line":272,"column":10}},"148":{"start":{"line":269,"column":12},"end":{"line":271,"column":13}},"149":{"start":{"line":269,"column":24},"end":{"line":269,"column":25}},"150":{"start":{"line":270,"column":16},"end":{"line":270,"column":52}},"151":{"start":{"line":276,"column":25},"end":{"line":276,"column":54}},"152":{"start":{"line":277,"column":8},"end":{"line":293,"column":9}},"153":{"start":{"line":278,"column":24},"end":{"line":278,"column":46}},"154":{"start":{"line":279,"column":12},"end":{"line":283,"column":13}},"155":{"start":{"line":280,"column":38},"end":{"line":280,"column":48}},"156":{"start":{"line":281,"column":16},"end":{"line":281,"column":40}},"157":{"start":{"line":282,"column":16},"end":{"line":282,"column":36}},"158":{"start":{"line":284,"column":25},"end":{"line":284,"column":35}},"159":{"start":{"line":285,"column":29},"end":{"line":285,"column":39}},"160":{"start":{"line":286,"column":29},"end":{"line":286,"column":50}},"161":{"start":{"line":287,"column":12},"end":{"line":287,"column":90}},"162":{"start":{"line":289,"column":12},"end":{"line":289,"column":27}},"163":{"start":{"line":291,"column":12},"end":{"line":291,"column":48}},"164":{"start":{"line":292,"column":12},"end":{"line":292,"column":21}},"165":{"start":{"line":297,"column":25},"end":{"line":297,"column":54}},"166":{"start":{"line":298,"column":25},"end":{"line":298,"column":46}},"167":{"start":{"line":299,"column":8},"end":{"line":331,"column":9}},"168":{"start":{"line":300,"column":24},"end":{"line":300,"column":46}},"169":{"start":{"line":301,"column":12},"end":{"line":305,"column":13}},"170":{"start":{"line":302,"column":38},"end":{"line":302,"column":48}},"171":{"start":{"line":303,"column":16},"end":{"line":303,"column":40}},"172":{"start":{"line":304,"column":16},"end":{"line":304,"column":36}},"173":{"start":{"line":306,"column":23},"end":{"line":306,"column":33}},"174":{"start":{"line":308,"column":29},"end":{"line":308,"column":39}},"175":{"start":{"line":309,"column":12},"end":{"line":309,"column":84}},"176":{"start":{"line":311,"column":12},"end":{"line":325,"column":13}},"177":{"start":{"line":312,"column":34},"end":{"line":312,"column":36}},"178":{"start":{"line":313,"column":16},"end":{"line":315,"column":17}},"179":{"start":{"line":313,"column":28},"end":{"line":313,"column":29}},"180":{"start":{"line":314,"column":20},"end":{"line":314,"column":95}},"181":{"start":{"line":317,"column":16},"end":{"line":321,"column":18}},"182":{"start":{"line":318,"column":20},"end":{"line":320,"column":21}},"183":{"start":{"line":318,"column":32},"end":{"line":318,"column":33}},"184":{"start":{"line":319,"column":24},"end":{"line":319,"column":64}},"185":{"start":{"line":323,"column":16},"end":{"line":323,"column":52}},"186":{"start":{"line":324,"column":16},"end":{"line":324,"column":25}},"187":{"start":{"line":327,"column":12},"end":{"line":327,"column":27}},"188":{"start":{"line":329,"column":12},"end":{"line":329,"column":48}},"189":{"start":{"line":330,"column":12},"end":{"line":330,"column":21}},"190":{"start":{"line":335,"column":25},"end":{"line":335,"column":54}},"191":{"start":{"line":336,"column":25},"end":{"line":336,"column":46}},"192":{"start":{"line":337,"column":8},"end":{"line":369,"column":9}},"193":{"start":{"line":338,"column":24},"end":{"line":338,"column":46}},"194":{"start":{"line":339,"column":12},"end":{"line":343,"column":13}},"195":{"start":{"line":340,"column":38},"end":{"line":340,"column":48}},"196":{"start":{"line":341,"column":16},"end":{"line":341,"column":40}},"197":{"start":{"line":342,"column":16},"end":{"line":342,"column":36}},"198":{"start":{"line":344,"column":23},"end":{"line":344,"column":33}},"199":{"start":{"line":346,"column":29},"end":{"line":346,"column":39}},"200":{"start":{"line":347,"column":12},"end":{"line":347,"column":84}},"201":{"start":{"line":349,"column":12},"end":{"line":363,"column":13}},"202":{"start":{"line":350,"column":34},"end":{"line":350,"column":36}},"203":{"start":{"line":351,"column":16},"end":{"line":353,"column":17}},"204":{"start":{"line":351,"column":28},"end":{"line":351,"column":29}},"205":{"start":{"line":352,"column":20},"end":{"line":352,"column":91}},"206":{"start":{"line":355,"column":16},"end":{"line":359,"column":18}},"207":{"start":{"line":356,"column":20},"end":{"line":358,"column":21}},"208":{"start":{"line":356,"column":32},"end":{"line":356,"column":33}},"209":{"start":{"line":357,"column":24},"end":{"line":357,"column":64}},"210":{"start":{"line":361,"column":16},"end":{"line":361,"column":52}},"211":{"start":{"line":362,"column":16},"end":{"line":362,"column":25}},"212":{"start":{"line":365,"column":12},"end":{"line":365,"column":27}},"213":{"start":{"line":367,"column":12},"end":{"line":367,"column":48}},"214":{"start":{"line":368,"column":12},"end":{"line":368,"column":21}},"215":{"start":{"line":373,"column":25},"end":{"line":373,"column":57}},"216":{"start":{"line":374,"column":25},"end":{"line":374,"column":46}},"217":{"start":{"line":376,"column":8},"end":{"line":380,"column":9}},"218":{"start":{"line":377,"column":12},"end":{"line":377,"column":43}},"219":{"start":{"line":379,"column":12},"end":{"line":379,"column":24}},"220":{"start":{"line":382,"column":8},"end":{"line":387,"column":9}},"221":{"start":{"line":383,"column":12},"end":{"line":383,"column":35}},"222":{"start":{"line":385,"column":12},"end":{"line":385,"column":49}},"223":{"start":{"line":386,"column":12},"end":{"line":386,"column":21}},"224":{"start":{"line":388,"column":8},"end":{"line":390,"column":9}},"225":{"start":{"line":389,"column":12},"end":{"line":389,"column":21}},"226":{"start":{"line":391,"column":21},"end":{"line":391,"column":45}},"227":{"start":{"line":392,"column":23},"end":{"line":392,"column":25}},"228":{"start":{"line":393,"column":8},"end":{"line":420,"column":9}},"229":{"start":{"line":393,"column":20},"end":{"line":393,"column":21}},"230":{"start":{"line":394,"column":25},"end":{"line":394,"column":39}},"231":{"start":{"line":395,"column":30},"end":{"line":395,"column":32}},"232":{"start":{"line":397,"column":12},"end":{"line":397,"column":30}},"233":{"start":{"line":398,"column":12},"end":{"line":398,"column":32}},"234":{"start":{"line":400,"column":29},"end":{"line":400,"column":39}},"235":{"start":{"line":401,"column":12},"end":{"line":401,"column":90}},"236":{"start":{"line":403,"column":12},"end":{"line":405,"column":13}},"237":{"start":{"line":403,"column":24},"end":{"line":403,"column":25}},"238":{"start":{"line":404,"column":16},"end":{"line":404,"column":91}},"239":{"start":{"line":407,"column":12},"end":{"line":416,"column":13}},"240":{"start":{"line":408,"column":16},"end":{"line":412,"column":18}},"241":{"start":{"line":409,"column":20},"end":{"line":411,"column":21}},"242":{"start":{"line":409,"column":32},"end":{"line":409,"column":33}},"243":{"start":{"line":410,"column":24},"end":{"line":410,"column":64}},"244":{"start":{"line":414,"column":16},"end":{"line":414,"column":53}},"245":{"start":{"line":415,"column":16},"end":{"line":415,"column":25}},"246":{"start":{"line":419,"column":12},"end":{"line":419,"column":33}},"247":{"start":{"line":421,"column":8},"end":{"line":421,"column":21}},"248":{"start":{"line":425,"column":25},"end":{"line":425,"column":57}},"249":{"start":{"line":426,"column":25},"end":{"line":426,"column":46}},"250":{"start":{"line":428,"column":8},"end":{"line":432,"column":9}},"251":{"start":{"line":429,"column":12},"end":{"line":429,"column":43}},"252":{"start":{"line":431,"column":12},"end":{"line":431,"column":24}},"253":{"start":{"line":434,"column":8},"end":{"line":448,"column":9}},"254":{"start":{"line":435,"column":25},"end":{"line":435,"column":41}},"255":{"start":{"line":436,"column":12},"end":{"line":444,"column":13}},"256":{"start":{"line":437,"column":16},"end":{"line":437,"column":25}},"257":{"start":{"line":439,"column":16},"end":{"line":443,"column":19}},"258":{"start":{"line":440,"column":37},"end":{"line":440,"column":47}},"259":{"start":{"line":441,"column":20},"end":{"line":441,"column":112}},"260":{"start":{"line":442,"column":20},"end":{"line":442,"column":35}},"261":{"start":{"line":446,"column":12},"end":{"line":446,"column":49}},"262":{"start":{"line":447,"column":12},"end":{"line":447,"column":21}},"263":{"start":{"line":452,"column":25},"end":{"line":452,"column":57}},"264":{"start":{"line":453,"column":25},"end":{"line":453,"column":46}},"265":{"start":{"line":455,"column":8},"end":{"line":459,"column":9}},"266":{"start":{"line":456,"column":12},"end":{"line":456,"column":43}},"267":{"start":{"line":458,"column":12},"end":{"line":458,"column":24}},"268":{"start":{"line":462,"column":8},"end":{"line":467,"column":9}},"269":{"start":{"line":463,"column":12},"end":{"line":463,"column":35}},"270":{"start":{"line":465,"column":12},"end":{"line":465,"column":54}},"271":{"start":{"line":466,"column":12},"end":{"line":466,"column":21}},"272":{"start":{"line":468,"column":8},"end":{"line":470,"column":9}},"273":{"start":{"line":469,"column":12},"end":{"line":469,"column":21}},"274":{"start":{"line":471,"column":21},"end":{"line":471,"column":45}},"275":{"start":{"line":472,"column":8},"end":{"line":498,"column":9}},"276":{"start":{"line":472,"column":20},"end":{"line":472,"column":21}},"277":{"start":{"line":473,"column":25},"end":{"line":473,"column":39}},"278":{"start":{"line":474,"column":30},"end":{"line":474,"column":32}},"279":{"start":{"line":476,"column":12},"end":{"line":476,"column":30}},"280":{"start":{"line":477,"column":12},"end":{"line":477,"column":32}},"281":{"start":{"line":479,"column":29},"end":{"line":479,"column":39}},"282":{"start":{"line":480,"column":12},"end":{"line":480,"column":90}},"283":{"start":{"line":482,"column":12},"end":{"line":484,"column":13}},"284":{"start":{"line":482,"column":24},"end":{"line":482,"column":25}},"285":{"start":{"line":483,"column":16},"end":{"line":483,"column":91}},"286":{"start":{"line":486,"column":12},"end":{"line":495,"column":13}},"287":{"start":{"line":487,"column":16},"end":{"line":491,"column":18}},"288":{"start":{"line":488,"column":20},"end":{"line":490,"column":21}},"289":{"start":{"line":488,"column":32},"end":{"line":488,"column":33}},"290":{"start":{"line":489,"column":24},"end":{"line":489,"column":59}},"291":{"start":{"line":493,"column":16},"end":{"line":493,"column":58}},"292":{"start":{"line":494,"column":16},"end":{"line":494,"column":25}},"293":{"start":{"line":497,"column":12},"end":{"line":497,"column":26}},"294":{"start":{"line":502,"column":25},"end":{"line":502,"column":57}},"295":{"start":{"line":503,"column":25},"end":{"line":503,"column":46}},"296":{"start":{"line":505,"column":8},"end":{"line":509,"column":9}},"297":{"start":{"line":506,"column":12},"end":{"line":506,"column":43}},"298":{"start":{"line":508,"column":12},"end":{"line":508,"column":24}},"299":{"start":{"line":512,"column":8},"end":{"line":517,"column":9}},"300":{"start":{"line":513,"column":12},"end":{"line":513,"column":35}},"301":{"start":{"line":515,"column":12},"end":{"line":515,"column":49}},"302":{"start":{"line":516,"column":12},"end":{"line":516,"column":21}},"303":{"start":{"line":518,"column":8},"end":{"line":520,"column":9}},"304":{"start":{"line":519,"column":12},"end":{"line":519,"column":21}},"305":{"start":{"line":521,"column":21},"end":{"line":521,"column":45}},"306":{"start":{"line":522,"column":24},"end":{"line":522,"column":26}},"307":{"start":{"line":523,"column":8},"end":{"line":545,"column":9}},"308":{"start":{"line":523,"column":20},"end":{"line":523,"column":21}},"309":{"start":{"line":524,"column":25},"end":{"line":524,"column":39}},"310":{"start":{"line":525,"column":30},"end":{"line":525,"column":32}},"311":{"start":{"line":527,"column":29},"end":{"line":527,"column":39}},"312":{"start":{"line":528,"column":12},"end":{"line":528,"column":92}},"313":{"start":{"line":529,"column":12},"end":{"line":531,"column":13}},"314":{"start":{"line":529,"column":24},"end":{"line":529,"column":25}},"315":{"start":{"line":530,"column":16},"end":{"line":530,"column":87}},"316":{"start":{"line":533,"column":12},"end":{"line":542,"column":13}},"317":{"start":{"line":534,"column":16},"end":{"line":538,"column":18}},"318":{"start":{"line":535,"column":20},"end":{"line":537,"column":21}},"319":{"start":{"line":535,"column":32},"end":{"line":535,"column":33}},"320":{"start":{"line":536,"column":24},"end":{"line":536,"column":59}},"321":{"start":{"line":540,"column":16},"end":{"line":540,"column":53}},"322":{"start":{"line":541,"column":16},"end":{"line":541,"column":25}},"323":{"start":{"line":544,"column":12},"end":{"line":544,"column":34}},"324":{"start":{"line":546,"column":8},"end":{"line":546,"column":22}},"325":{"start":{"line":550,"column":25},"end":{"line":550,"column":46}},"326":{"start":{"line":551,"column":25},"end":{"line":551,"column":57}},"327":{"start":{"line":553,"column":8},"end":{"line":557,"column":9}},"328":{"start":{"line":554,"column":12},"end":{"line":554,"column":43}},"329":{"start":{"line":556,"column":12},"end":{"line":556,"column":24}},"330":{"start":{"line":560,"column":8},"end":{"line":565,"column":9}},"331":{"start":{"line":561,"column":12},"end":{"line":561,"column":35}},"332":{"start":{"line":563,"column":12},"end":{"line":563,"column":54}},"333":{"start":{"line":564,"column":12},"end":{"line":564,"column":21}},"334":{"start":{"line":566,"column":8},"end":{"line":568,"column":9}},"335":{"start":{"line":567,"column":12},"end":{"line":567,"column":21}},"336":{"start":{"line":570,"column":21},"end":{"line":570,"column":45}},"337":{"start":{"line":571,"column":8},"end":{"line":596,"column":9}},"338":{"start":{"line":571,"column":20},"end":{"line":571,"column":21}},"339":{"start":{"line":572,"column":25},"end":{"line":572,"column":39}},"340":{"start":{"line":573,"column":30},"end":{"line":573,"column":32}},"341":{"start":{"line":575,"column":12},"end":{"line":575,"column":30}},"342":{"start":{"line":576,"column":12},"end":{"line":576,"column":32}},"343":{"start":{"line":578,"column":29},"end":{"line":578,"column":39}},"344":{"start":{"line":579,"column":12},"end":{"line":579,"column":92}},"345":{"start":{"line":580,"column":12},"end":{"line":582,"column":13}},"346":{"start":{"line":580,"column":24},"end":{"line":580,"column":25}},"347":{"start":{"line":581,"column":16},"end":{"line":581,"column":87}},"348":{"start":{"line":584,"column":12},"end":{"line":593,"column":13}},"349":{"start":{"line":585,"column":16},"end":{"line":589,"column":18}},"350":{"start":{"line":586,"column":20},"end":{"line":588,"column":21}},"351":{"start":{"line":586,"column":32},"end":{"line":586,"column":33}},"352":{"start":{"line":587,"column":24},"end":{"line":587,"column":59}},"353":{"start":{"line":591,"column":16},"end":{"line":591,"column":58}},"354":{"start":{"line":592,"column":16},"end":{"line":592,"column":25}},"355":{"start":{"line":595,"column":12},"end":{"line"
[...]
":66,"column":35}},"38":{"start":{"line":68,"column":12},"end":{"line":70,"column":13}},"39":{"start":{"line":69,"column":16},"end":{"line":69,"column":34}},"40":{"start":{"line":71,"column":12},"end":{"line":73,"column":13}},"41":{"start":{"line":72,"column":16},"end":{"line":72,"column":33}},"42":{"start":{"line":76,"column":4},"end":{"line":76,"column":16}},"43":{"start":{"line":80,"column":29},"end":{"line":90,"column":5}},"44":{"start":{"line":82,"column":12},"end":{"line":88,"column":13}},"45":{"start":{"line":83,"column":31},"end":{"line":83,"column":46}},"46":{"start":{"line":84,"column":16},"end":{"line":84,"column":55}},"47":{"start":{"line":86,"column":16},"end":{"line":86,"column":34}},"48":{"start":{"line":87,"column":16},"end":{"line":87,"column":25}},"49":{"start":{"line":91,"column":4},"end":{"line":93,"column":5}},"50":{"start":{"line":92,"column":8},"end":{"line":92,"column":59}},"51":{"start":{"line":95,"column":4},"end":{"line":95,"column":58}}},"fnMap":{"0":{"name":"(anonymous_0)","decl":{"start":{"line":4,"column":28},"end":{"line":4,"column":29}},"loc":{"start":{"line":4,"column":142},"end":{"line":77,"column":1}},"line":4},"1":{"name":"(anonymous_1)","decl":{"start":{"line":13,"column":28},"end":{"line":13,"column":29}},"loc":{"start":{"line":13,"column":38},"end":{"line":15,"column":13}},"line":13},"2":{"name":"(anonymous_2)","decl":{"start":{"line":20,"column":28},"end":{"line":20,"column":29}},"loc":{"start":{"line":20,"column":38},"end":{"line":22,"column":13}},"line":20},"3":{"name":"(anonymous_3)","decl":{"start":{"line":29,"column":28},"end":{"line":29,"column":29}},"loc":{"start":{"line":29,"column":38},"end":{"line":31,"column":13}},"line":29},"4":{"name":"(anonymous_4)","decl":{"start":{"line":36,"column":28},"end":{"line":36,"column":29}},"loc":{"start":{"line":36,"column":38},"end":{"line":38,"column":13}},"line":36},"5":{"name":"(anonymous_5)","decl":{"start":{"line":71,"column":25},"end":{"line":71,"column":26}},"loc":{"start":{"line":71,"column":35},"end":{"line":73,"column":13}},"line":71},"6":{"name":"(anonymous_6)","decl":{"start":{"line":79,"column":15},"end":{"line":79,"column":16}},"loc":{"start":{"line":79,"column":56},"end":{"line":96,"column":1}},"line":79},"7":{"name":"(anonymous_7)","decl":{"start":{"line":81,"column":16},"end":{"line":81,"column":17}},"loc":{"start":{"line":81,"column":28},"end":{"line":89,"column":9}},"line":81}},"branchMap":{"0":{"loc":{"start":{"line":4,"column":46},"end":{"line":4,"column":60}},"type":"default-arg","locations":[{"start":{"line":4,"column":56},"end":{"line":4,"column":60}}],"line":4},"1":{"loc":{"start":{"line":4,"column":62},"end":{"line":4,"column":76}},"type":"default-arg","locations":[{"start":{"line":4,"column":72},"end":{"line":4,"column":76}}],"line":4},"2":{"loc":{"start":{"line":4,"column":78},"end":{"line":4,"column":92}},"type":"default-arg","locations":[{"start":{"line":4,"column":88},"end":{"line":4,"column":92}}],"line":4},"3":{"loc":{"start":{"line":4,"column":94},"end":{"line":4,"column":106}},"type":"default-arg","locations":[{"start":{"line":4,"column":102},"end":{"line":4,"column":106}}],"line":4},"4":{"loc":{"start":{"line":4,"column":108},"end":{"line":4,"column":119}},"type":"default-arg","locations":[{"start":{"line":4,"column":115},"end":{"line":4,"column":119}}],"line":4},"5":{"loc":{"start":{"line":4,"column":121},"end":{"line":4,"column":136}},"type":"default-arg","locations":[{"start":{"line":4,"column":132},"end":{"line":4,"column":136}}],"line":4},"6":{"loc":{"start":{"line":9,"column":4},"end":{"line":24,"column":5}},"type":"if","locations":[{"start":{"line":9,"column":4},"end":{"line":24,"column":5}},{"start":{},"end":{}}],"line":9},"7":{"loc":{"start":{"line":11,"column":8},"end":{"line":23,"column":9}},"type":"if","locations":[{"start":{"line":11,"column":8},"end":{"line":23,"column":9}},{"start":{"line":17,"column":14},"end":{"line":23,"column":9}}],"line":11},"8":{"loc":{"start":{"line":17,"column":14},"end":{"line":23,"column":9}},"type":"if","locations":[{"start":{"line":17,"column":14},"end":{"line":23,"column":9}},{"start":{"line":19,"column":13},"end":{"line":23,"column":9}}],"line":17},"9":{"loc":{"start":{"line":25,"column":4},"end":{"line":40,"column":5}},"type":"if","locations":[{"start":{"line":25,"column":4},"end":{"line":40,"column":5}},{"start":{},"end":{}}],"line":25},"10":{"loc":{"start":{"line":27,"column":8},"end":{"line":39,"column":9}},"type":"if","locations":[{"start":{"line":27,"column":8},"end":{"line":39,"column":9}},{"start":{"line":33,"column":14},"end":{"line":39,"column":9}}],"line":27},"11":{"loc":{"start":{"line":33,"column":14},"end":{"line":39,"column":9}},"type":"if","locations":[{"start":{"line":33,"column":14},"end":{"line":39,"column":9}},{"start":{"line":35,"column":13},"end":{"line":39,"column":9}}],"line":33},"12":{"loc":{"start":{"line":41,"column":4},"end":{"line":49,"column":5}},"type":"if","locations":[{"start":{"line":41,"column":4},"end":{"line":49,"column":5}},{"start":{},"end":{}}],"line":41},"13":{"loc":{"start":{"line":43,"column":8},"end":{"line":48,"column":9}},"type":"if","locations":[{"start":{"line":43,"column":8},"end":{"line":48,"column":9}},{"start":{"line":46,"column":14},"end":{"line":48,"column":9}}],"line":43},"14":{"loc":{"start":{"line":46,"column":14},"end":{"line":48,"column":9}},"type":"if","locations":[{"start":{"line":46,"column":14},"end":{"line":48,"column":9}},{"start":{},"end":{}}],"line":46},"15":{"loc":{"start":{"line":50,"column":4},"end":{"line":56,"column":5}},"type":"if","locations":[{"start":{"line":50,"column":4},"end":{"line":56,"column":5}},{"start":{},"end":{}}],"line":50},"16":{"loc":{"start":{"line":51,"column":8},"end":{"line":55,"column":9}},"type":"if","locations":[{"start":{"line":51,"column":8},"end":{"line":55,"column":9}},{"start":{"line":53,"column":14},"end":{"line":55,"column":9}}],"line":51},"17":{"loc":{"start":{"line":53,"column":14},"end":{"line":55,"column":9}},"type":"if","locations":[{"start":{"line":53,"column":14},"end":{"line":55,"column":9}},{"start":{},"end":{}}],"line":53},"18":{"loc":{"start":{"line":57,"column":4},"end":{"line":63,"column":5}},"type":"if","locations":[{"start":{"line":57,"column":4},"end":{"line":63,"column":5}},{"start":{},"end":{}}],"line":57},"19":{"loc":{"start":{"line":58,"column":8},"end":{"line":62,"column":9}},"type":"if","locations":[{"start":{"line":58,"column":8},"end":{"line":62,"column":9}},{"start":{"line":60,"column":14},"end":{"line":62,"column":9}}],"line":58},"20":{"loc":{"start":{"line":60,"column":14},"end":{"line":62,"column":9}},"type":"if","locations":[{"start":{"line":60,"column":14},"end":{"line":62,"column":9}},{"start":{},"end":{}}],"line":60},"21":{"loc":{"start":{"line":64,"column":4},"end":{"line":75,"column":5}},"type":"if","locations":[{"start":{"line":64,"column":4},"end":{"line":75,"column":5}},{"start":{},"end":{}}],"line":64},"22":{"loc":{"start":{"line":65,"column":8},"end":{"line":74,"column":9}},"type":"if","locations":[{"start":{"line":65,"column":8},"end":{"line":74,"column":9}},{"start":{"line":67,"column":13},"end":{"line":74,"column":9}}],"line":65},"23":{"loc":{"start":{"line":68,"column":12},"end":{"line":70,"column":13}},"type":"if","locations":[{"start":{"line":68,"column":12},"end":{"line":70,"column":13}},{"start":{},"end":{}}],"line":68},"24":{"loc":{"start":{"line":79,"column":33},"end":{"line":79,"column":55}},"type":"default-arg","locations":[{"start":{"line":79,"column":51},"end":{"line":79,"column":55}}],"line":79},"25":{"loc":{"start":{"line":91,"column":4},"end":{"line":93,"column":5}},"type":"if","locations":[{"start":{"line":91,"column":4},"end":{"line":93,"column":5}},{"start":{},"end":{}}],"line":91}},"s":{"0":1,"1":0,"2":0,"3":0,"4":0,"5":0,"6":0,"7":0,"8":0,"9":0,"10":0,"11":0,"12":0,"13":0,"14":0,"15":0,"16":0,"17":0,"18":0,"19":0,"20":0,"21":0,"22":0,"23":0,"24":0,"25":0,"26":0,"27":0,"28":0,"29":0,"30":0,"31":0,"32":0,"33":0,"34":0,"35":0,"36":0,"37":0,"38":0,"39":0,"40":0,"41":0,"42":0,"43":0,"44":0,"45":0,"46":0,"47":0,"48":0,"49":0,"50":0,"51":0},"f":{"0":0,"1":0,"2":0,"3":0,"4":0,"5":0,"6":0,"7":0},"b":{"0":[0],"1":[0],"2":[0],"3":[0],"4":[0],"5":[0],"6":[0,0],"7":[0,0],"8":[0,0],"9":[0,0],"10":[0,0],"11":[0,0],"12":[0,0],"13":[0,0],"14":[0,0],"15":[0,0],"16":[0,0],"17":[0,0],"18":[0,0],"19":[0,0],"20":[0,0],"21":[0,0],"22":[0,0],"23":[0,0],"24":[0],"25":[0,0]},"_coverageSchema":"1a1c01bbd47fc00a2c39e90264f33305004495a9","hash":"55dd5614cb43d6363c432f4a37aae9692d2a1fc3"}
,"C:\\Visi 8\\Webcomic\\Vue 3\\new\\comic-firebase-admin\\src\\utils\\detectMobile.js": {"path":"C:\\Visi 8\\Webcomic\\Vue 3\\new\\comic-firebase-admin\\src\\utils\\detectMobile.js","statementMap":{"0":{"start":{"line":3,"column":16},"end":{"line":3,"column":21}},"1":{"start":{"line":4,"column":4},"end":{"line":14,"column":64}},"2":{"start":{"line":5,"column":6},"end":{"line":13,"column":21}},"3":{"start":{"line":13,"column":8},"end":{"line":13,"column":21}},"4":{"start":{"line":15,"column":4},"end":{"line":15,"column":17}}},"fnMap":{"0":{"name":"(anonymous_0)","decl":{"start":{"line":1,"column":15},"end":{"line":1,"column":16}},"loc":{"start":{"line":1,"column":25},"end":{"line":16,"column":3}},"line":1},"1":{"name":"(anonymous_1)","decl":{"start":{"line":4,"column":5},"end":{"line":4,"column":6}},"loc":{"start":{"line":4,"column":17},"end":{"line":14,"column":5}},"line":4}},"branchMap":{"0":{"loc":{"start":{"line":5,"column":6},"end":{"line":13,"column":21}},"type":"if","locations":[{"start":{"line":5,"column":6},"end":{"line":13,"column":21}},{"start":{},"end":{}}],"line":5},"1":{"loc":{"start":{"line":6,"column":8},"end":{"line":11,"column":9}},"type":"binary-expr","locations":[{"start":{"line":6,"column":8},"end":{"line":8,"column":9}},{"start":{"line":9,"column":8},"end":{"line":11,"column":9}}],"line":6},"2":{"loc":{"start":{"line":14,"column":7},"end":{"line":14,"column":62}},"type":"binary-expr","locations":[{"start":{"line":14,"column":7},"end":{"line":14,"column":26}},{"start":{"line":14,"column":30},"end":{"line":14,"column":46}},{"start":{"line":14,"column":50},"end":{"line":14,"column":62}}],"line":14}},"s":{"0":0,"1":0,"2":0,"3":0,"4":0},"f":{"0":0,"1":0},"b":{"0":[0,0],"1":[0,0],"2":[0,0,0]},"_coverageSchema":"1a1c01bbd47fc00a2c39e90264f33305004495a9","hash":"f0a7ee003b603fbb8dbeab20c66b5ad6c21e8ca9"}
,"C:\\Visi 8\\Webcomic\\Vue 3\\new\\comic-firebase-admin\\src\\utils\\emitter.js": {"path":"C:\\Visi 8\\Webcomic\\Vue 3\\new\\comic-firebase-admin\\src\\utils\\emitter.js","statementMap":{"0":{"start":{"line":3,"column":16},"end":{"line":3,"column":22}}},"fnMap":{},"branchMap":{},"s":{"0":1},"f":{},"b":{},"_coverageSchema":"1a1c01bbd47fc00a2c39e90264f33305004495a9","hash":"963f30e3f6e1290159f0223e3207820f0f420a45"}
,"C:\\Visi 8\\Webcomic\\Vue 3\\new\\comic-firebase-admin\\src\\utils\\handleError.js": {"path":"C:\\Visi 8\\Webcomic\\Vue 3\\new\\comic-firebase-admin\\src\\utils\\handleError.js","statementMap":{"0":{"start":{"line":6,"column":4},"end":{"line":104,"column":5}},"1":{"start":{"line":8,"column":12},"end":{"line":8,"column":38}},"2":{"start":{"line":9,"column":12},"end":{"line":9,"column":18}},"3":{"start":{"line":11,"column":12},"end":{"line":11,"column":41}},"4":{"start":{"line":12,"column":12},"end":{"line":12,"column":18}},"5":{"start":{"line":14,"column":12},"end":{"line":20,"column":14}},"6":{"start":{"line":28,"column":12},"end":{"line":28,"column":18}},"7":{"start":{"line":30,"column":12},"end":{"line":36,"column":14}},"8":{"start":{"line":44,"column":12},"end":{"line":44,"column":18}},"9":{"start":{"line":46,"column":12},"end":{"line":52,"column":14}},"10":{"start":{"line":60,"column":12},"end":{"line":60,"column":18}},"11":{"start":{"line":62,"column":12},"end":{"line":68,"column":14}},"12":{"start":{"line":76,"column":12},"end":{"line":76,"column":18}},"13":{"start":{"line":78,"column":12},"end":{"line":84,"column":14}},"14":{"start":{"line":92,"column":12},"end":{"line":92,"column":18}},"15":{"start":{"line":94,"column":12},"end":{"line":100,"column":14}},"16":{"start":{"line":101,"column":12},"end":{"line":101,"column":18}},"17":{"start":{"line":103,"column":12},"end":{"line":103,"column":18}},"18":{"start":{"line":105,"column":4},"end":{"line":105,"column":14}}},"fnMap":{"0":{"name":"(anonymous_0)","decl":{"start":{"line":5,"column":15},"end":{"line":5,"column":16}},"loc":{"start":{"line":5,"column":34},"end":{"line":106,"column":1}},"line":5}},"branchMap":{"0":{"loc":{"start":{"line":6,"column":4},"end":{"line":104,"column":5}},"type":"switch","locations":[{"start":{"line":7,"column":8},"end":{"line":9,"column":18}},{"start":{"line":10,"column":8},"end":{"line":12,"column":18}},{"start":{"line":13,"column":8},"end":{"line":28,"column":18}},{"start":{"line":29,"column":8},"end":{"line":44,"column":18}},{"start":{"line":45,"column":8},"end":{"line":60,"column":18}},{"start":{"line":61,"column":8},"end":{"line":76,"column":18}},{"start":{"line":77,"column":8},"end":{"line":92,"column":18}},{"start":{"line":93,"column":8},"end":{"line":101,"column":18}},{"start":{"line":102,"column":8},"end":{"line":103,"column":18}}],"line":6}},"s":{"0":0,"1":0,"2":0,"3":0,"4":0,"5":0,"6":0,"7":0,"8":0,"9":0,"10":0,"11":0,"12":0,"13":0,"14":0,"15":0,"16":0,"17":0,"18":0},"f":{"0":0},"b":{"0":[0,0,0,0,0,0,0,0,0]},"_coverageSchema":"1a1c01bbd47fc00a2c39e90264f33305004495a9","hash":"2222def567669dbd86022aa1e811bde9e4626a2e"}
,"C:\\Visi 8\\Webcomic\\Vue 3\\new\\comic-firebase-admin\\src\\utils\\helpers.js": {"path":"C:\\Visi 8\\Webcomic\\Vue 3\\new\\comic-firebase-admin\\src\\utils\\helpers.js","statementMap":{"0":{"start":{"line":3,"column":24},"end":{"line":3,"column":74}},"1":{"start":{"line":4,"column":8},"end":{"line":4,"column":39}},"2":{"start":{"line":7,"column":8},"end":{"line":7,"column":56}}},"fnMap":{"0":{"name":"(anonymous_0)","decl":{"start":{"line":2,"column":4},"end":{"line":2,"column":5}},"loc":{"start":{"line":2,"column":43},"end":{"line":5,"column":5}},"line":2},"1":{"name":"(anonymous_1)","decl":{"start":{"line":6,"column":4},"end":{"line":6,"column":5}},"loc":{"start":{"line":6,"column":20},"end":{"line":8,"column":5}},"line":6}},"branchMap":{"0":{"loc":{"start":{"line":2,"column":29},"end":{"line":2,"column":42}},"type":"default-arg","locations":[{"start":{"line":2,"column":38},"end":{"line":2,"column":42}}],"line":2}},"s":{"0":0,"1":0,"2":0},"f":{"0":0,"1":0},"b":{"0":[0]},"_coverageSchema":"1a1c01bbd47fc00a2c39e90264f33305004495a9","hash":"d3969fafbc42e98917a6def040a7dcdad0b3b579"}
,"C:\\Visi 8\\Webcomic\\Vue 3\\new\\comic-firebase-admin\\src\\utils\\routeResolver.js": {"path":"C:\\Visi 8\\Webcomic\\Vue 3\\new\\comic-firebase-admin\\src\\utils\\routeResolver.js","statementMap":{"0":{"start":{"line":9,"column":4},"end":{"line":13,"column":5}},"1":{"start":{"line":10,"column":8},"end":{"line":10,"column":36}},"2":{"start":{"line":11,"column":10},"end":{"line":13,"column":5}},"3":{"start":{"line":12,"column":8},"end":{"line":12,"column":57}}},"fnMap":{"0":{"name":"(anonymous_0)","decl":{"start":{"line":8,"column":15},"end":{"line":8,"column":16}},"loc":{"start":{"line":8,"column":71},"end":{"line":14,"column":1}},"line":8}},"branchMap":{"0":{"loc":{"start":{"line":8,"column":30},"end":{"line":8,"column":41}},"type":"default-arg","locations":[{"start":{"line":8,"column":39},"end":{"line":8,"column":41}}],"line":8},"1":{"loc":{"start":{"line":8,"column":43},"end":{"line":8,"column":53}},"type":"default-arg","locations":[{"start":{"line":8,"column":51},"end":{"line":8,"column":53}}],"line":8},"2":{"loc":{"start":{"line":8,"column":55},"end":{"line":8,"column":70}},"type":"default-arg","locations":[{"start":{"line":8,"column":62},"end":{"line":8,"column":70}}],"line":8},"3":{"loc":{"start":{"line":9,"column":4},"end":{"line":13,"column":5}},"type":"if","locations":[{"start":{"line":9,"column":4},"end":{"line":13,"column":5}},{"start":{"line":11,"column":10},"end":{"line":13,"column":5}}],"line":9},"4":{"loc":{"start":{"line":11,"column":10},"end":{"line":13,"column":5}},"type":"if","locations":[{"start":{"line":11,"column":10},"end":{"line":13,"column":5}},{"start":{},"end":{}}],"line":11}},"s":{"0":0,"1":0,"2":0,"3":0},"f":{"0":0},"b":{"0":[0],"1":[0],"2":[0],"3":[0,0],"4":[0,0]},"_coverageSchema":"1a1c01bbd47fc00a2c39e90264f33305004495a9","hash":"116ae1f193cddfe51407e1efe606b93a41b47a4a"}
,"C:\\Visi 8\\Webcomic\\Vue 3\\new\\comic-firebase-admin\\src\\utils\\toaster.js": {"path":"C:\\Visi 8\\Webcomic\\Vue 3\\new\\comic-firebase-admin\\src\\utils\\toaster.js","statementMap":{"0":{"start":{"line":3,"column":14},"end":{"line":3,"column":26}}},"fnMap":{},"branchMap":{},"s":{"0":1},"f":{},"b":{},"_coverageSchema":"1a1c01bbd47fc00a2c39e90264f33305004495a9","hash":"c399c5c70b8c514e47df96e2fa05e7b4e189ada3"}
,"C:/Visi 8/Webcomic/Vue 3/new/comic-firebase-admin/src/views/chapter/component/ChapterTable.vue": {"path":"C:/Visi 8/Webcomic/Vue 3/new/comic-firebase-admin/src/views/chapter/component/ChapterTable.vue","statementMap":{"0":{"start":{"line":95,"column":20},"end":{"line":95,"column":null}},"1":{"start":{"line":97,"column":2},"end":{"line":97,"column":9}},"2":{"start":{"line":102,"column":2},"end":{"line":102,"column":7}},"3":{"start":{"line":109,"column":3},"end":{"line":109,"column":8}}},"fnMap":{"0":{"name":"(anonymous_0)","decl":{"start":{"line":96,"column":1},"end":{"line":96,"column":5}},"loc":{"start":{"line":96,"column":9},"end":{"line":100,"column":null}}},"1":{"name":"(anonymous_1)","decl":{"start":{"line":101,"column":1},"end":{"line":101,"column":8}},"loc":{"start":{"line":101,"column":12},"end":{"line":103,"column":null}}},"2":{"name":"(anonymous_2)","decl":{"start":{"line":108,"column":2},"end":{"line":108,"column":8}},"loc":{"start":{"line":108,"column":25},"end":{"line":110,"column":null}}}},"branchMap":{},"s":{"0":1,"1":1,"2":0,"3":0},"f":{"0":1,"1":0,"2":0},"b":{}}
,"C:\\Visi 8\\Webcomic\\Vue 3\\new\\comic-firebase-admin\\test\\utils\\pluginInitializer.js": {"path":"C:\\Visi 8\\Webcomic\\Vue 3\\new\\comic-firebase-admin\\test\\utils\\pluginInitializer.js","statementMap":{"0":{"start":{"line":11,"column":26},"end":{"line":14,"column":1}},"1":{"start":{"line":12,"column":4},"end":{"line":12,"column":31}},"2":{"start":{"line":13,"column":4},"end":{"line":13,"column":48}},"3":{"start":{"line":16,"column":17},"end":{"line":39,"column":1}},"4":{"start":{"line":18,"column":8},"end":{"line":18,"column":50}},"5":{"start":{"line":19,"column":8},"end":{"line":19,"column":42}},"6":{"start":{"line":20,"column":8},"end":{"line":20,"column":50}},"7":{"start":{"line":21,"column":8},"end":{"line":21,"column":62}},"8":{"start":{"line":23,"column":8},"end":{"line":23,"column":60}},"9":{"start":{"line":24,"column":8},"end":{"line":24,"column":58}},"10":{"start":{"line":25,"column":8},"end":{"line":25,"column":76}},"11":{"start":{"line":26,"column":8},"end":{"line":30,"column":10}},"12":{"start":{"line":27,"column":25},"end":{"line":29,"column":13}}},"fnMap":{"0":{"name":"(anonymous_0)","decl":{"start":{"line":11,"column":26},"end":{"line":11,"column":27}},"loc":{"start":{"line":11,"column":51},"end":{"line":14,"column":1}},"line":11},"1":{"name":"(anonymous_1)","decl":{"start":{"line":17,"column":4},"end":{"line":17,"column":5}},"loc":{"start":{"line":17,"column":16},"end":{"line":38,"column":5}},"line":17},"2":{"name":"(anonymous_2)","decl":{"start":{"line":27,"column":18},"end":{"line":27,"column":19}},"loc":{"start":{"line":27,"column":25},"end":{"line":29,"column":13}},"line":27},"3":{"name":"(anonymous_3)","decl":{"start":{"line":28,"column":22},"end":{"line":28,"column":23}},"loc":{"start":{"line":28,"column":28},"end":{"line":28,"column":30}},"line":28}},"branchMap":{},"s":{"0":1,"1":8,"2":8,"3":1,"4":1,"5":1,"6":1,"7":1,"8":1,"9":1,"10":1,"11":1,"12":0},"f":{"0":8,"1":1,"2":0,"3":0},"b":{},"_coverageSchema":"1a1c01bbd47fc00a2c39e90264f33305004495a9","hash":"67e884fc4f190ebf2fd6168b0e33fea9882c2ba6"}
}
