TN:
SF:src\colors.js
FN:61,(anonymous_0)
FNF:1
FNH:1
FNDA:1,(anonymous_0)
DA:1,1
DA:2,1
DA:3,1
DA:4,1
DA:5,1
DA:7,1
DA:16,1
DA:25,1
DA:34,1
DA:43,1
DA:52,1
DA:61,1
DA:62,1
DA:67,1
DA:68,1
DA:71,1
LF:16
LH:16
BRDA:63,0,0,0
BRDA:63,0,1,1
BRDA:67,1,0,1
BRDA:67,1,1,0
BRDA:68,2,0,0
BRDA:68,2,1,1
BRF:6
BRH:3
end_of_record
TN:
SF:src\config.js
FNF:0
FNH:0
DA:1,1
DA:3,1
LF:2
LH:2
BRF:0
BRH:0
end_of_record
TN:
SF:src\styles.js
FNF:0
FNH:0
DA:1,1
DA:3,1
DA:24,1
LF:3
LH:3
BRF:0
BRH:0
end_of_record
TN:
SF:src\firebase\Collection.js
FN:28,(anonymous_0)
FN:60,(anonymous_1)
FN:61,(anonymous_2)
FN:65,(anonymous_3)
FN:66,(anonymous_4)
FN:73,(anonymous_5)
FN:74,(anonymous_6)
FN:83,(anonymous_7)
FN:88,(anonymous_8)
FN:92,(anonymous_9)
FN:104,(anonymous_10)
FN:114,(anonymous_11)
FN:121,(anonymous_12)
FN:141,(anonymous_13)
FN:157,(anonymous_14)
FN:175,(anonymous_15)
FN:178,(anonymous_16)
FN:196,(anonymous_17)
FN:240,(anonymous_18)
FN:241,(anonymous_19)
FN:255,(anonymous_20)
FN:259,(anonymous_21)
FN:266,(anonymous_22)
FN:273,(anonymous_23)
FN:293,(anonymous_24)
FN:313,(anonymous_25)
FN:330,(anonymous_26)
FN:350,(anonymous_27)
FN:367,(anonymous_28)
FN:381,(anonymous_29)
FN:395,(anonymous_30)
FN:430,(anonymous_31)
FN:446,(anonymous_32)
FN:481,(anonymous_33)
FN:497,(anonymous_34)
FN:531,(anonymous_35)
FN:541,(anonymous_36)
FN:574,(anonymous_37)
FN:584,(anonymous_38)
FNF:39
FNH:1
FNDA:0,(anonymous_0)
FNDA:0,(anonymous_1)
FNDA:0,(anonymous_2)
FNDA:0,(anonymous_3)
FNDA:0,(anonymous_4)
FNDA:0,(anonymous_5)
FNDA:0,(anonymous_6)
FNDA:0,(anonymous_7)
FNDA:0,(anonymous_8)
FNDA:0,(anonymous_9)
FNDA:0,(anonymous_10)
FNDA:0,(anonymous_11)
FNDA:0,(anonymous_12)
FNDA:0,(anonymous_13)
FNDA:0,(anonymous_14)
FNDA:0,(anonymous_15)
FNDA:0,(anonymous_16)
FNDA:0,(anonymous_17)
FNDA:0,(anonymous_18)
FNDA:0,(anonymous_19)
FNDA:0,(anonymous_20)
FNDA:0,(anonymous_21)
FNDA:0,(anonymous_22)
FNDA:0,(anonymous_23)
FNDA:0,(anonymous_24)
FNDA:0,(anonymous_25)
FNDA:0,(anonymous_26)
FNDA:0,(anonymous_27)
FNDA:0,(anonymous_28)
FNDA:0,(anonymous_29)
FNDA:0,(anonymous_30)
FNDA:0,(anonymous_31)
FNDA:0,(anonymous_32)
FNDA:0,(anonymous_33)
FNDA:0,(anonymous_34)
FNDA:0,(anonymous_35)
FNDA:0,(anonymous_36)
FNDA:0,(anonymous_37)
FNDA:1,(anonymous_38)
DA:28,1
DA:29,0
DA:30,0
DA:31,0
DA:33,0
DA:34,0
DA:35,0
DA:36,0
DA:37,0
DA:38,0
DA:40,0
DA:42,0
DA:43,0
DA:45,0
DA:48,0
DA:49,0
DA:55,1
DA:56,1
DA:57,1
DA:58,1
DA:61,0
DA:62,0
DA:63,0
DA:64,0
DA:65,0
DA:66,0
DA:67,0
DA:71,0
DA:72,0
DA:73,0
DA:74,0
DA:75,0
DA:84,0
DA:85,0
DA:89,0
DA:93,0
DA:94,0
DA:95,0
DA:96,0
DA:97,0
DA:98,0
DA:101,0
DA:105,0
DA:106,0
DA:107,0
DA:109,0
DA:110,0
DA:115,0
DA:116,0
DA:117,0
DA:118,0
DA:122,0
DA:123,0
DA:124,0
DA:125,0
DA:126,0
DA:127,0
DA:129,0
DA:131,0
DA:132,0
DA:133,0
DA:136,0
DA:137,0
DA:142,0
DA:143,0
DA:144,0
DA:145,0
DA:146,0
DA:147,0
DA:148,0
DA:149,0
DA:152,0
DA:153,0
DA:158,0
DA:159,0
DA:160,0
DA:161,0
DA:162,0
DA:163,0
DA:164,0
DA:165,0
DA:167,0
DA:170,0
DA:171,0
DA:176,0
DA:177,0
DA:178,0
DA:179,0
DA:180,0
DA:181,0
DA:183,0
DA:184,0
DA:185,0
DA:187,0
DA:189,0
DA:190,0
DA:192,0
DA:197,0
DA:198,0
DA:199,0
DA:200,0
DA:201,0
DA:203,0
DA:204,0
DA:205,0
DA:207,0
DA:208,0
DA:209,0
DA:211,0
DA:213,0
DA:214,0
DA:215,0
DA:216,0
DA:217,0
DA:218,0
DA:219,0
DA:220,0
DA:221,0
DA:223,0
DA:225,0
DA:226,0
DA:227,0
DA:228,0
DA:229,0
DA:230,0
DA:235,0
DA:236,0
DA:241,0
DA:242,0
DA:243,0
DA:244,0
DA:245,0
DA:248,0
DA:251,0
DA:256,0
DA:260,0
DA:261,0
DA:262,0
DA:263,0
DA:266,0
DA:267,0
DA:268,0
DA:274,0
DA:275,0
DA:276,0
DA:277,0
DA:278,0
DA:279,0
DA:280,0
DA:282,0
DA:283,0
DA:284,0
DA:286,0
DA:288,0
DA:289,0
DA:294,0
DA:295,0
DA:296,0
DA:297,0
DA:298,0
DA:299,0
DA:300,0
DA:302,0
DA:304,0
DA:305,0
DA:307,0
DA:308,0
DA:309,0
DA:310,0
DA:313,0
DA:314,0
DA:315,0
DA:319,0
DA:320,0
DA:323,0
DA:325,0
DA:326,0
DA:331,0
DA:332,0
DA:333,0
DA:334,0
DA:335,0
DA:336,0
DA:337,0
DA:339,0
DA:341,0
DA:342,0
DA:344,0
DA:345,0
DA:346,0
DA:347,0
DA:350,0
DA:351,0
DA:352,0
DA:356,0
DA:357,0
DA:360,0
DA:362,0
DA:363,0
DA:368,0
DA:370,0
DA:371,0
DA:373,0
DA:376,0
DA:377,0
DA:378,0
DA:379,0
DA:381,0
DA:382,0
DA:383,0
DA:384,0
DA:388,0
DA:389,0
DA:390,0
DA:396,0
DA:398,0
DA:399,0
DA:401,0
DA:404,0
DA:405,0
DA:407,0
DA:408,0
DA:410,0
DA:411,0
DA:413,0
DA:414,0
DA:415,0
DA:416,0
DA:417,0
DA:419,0
DA:420,0
DA:422,0
DA:423,0
DA:425,0
DA:426,0
DA:429,0
DA:430,0
DA:431,0
DA:432,0
DA:436,0
DA:437,0
DA:441,0
DA:443,0
DA:447,0
DA:449,0
DA:450,0
DA:452,0
DA:455,0
DA:456,0
DA:458,0
DA:459,0
DA:461,0
DA:462,0
DA:464,0
DA:465,0
DA:466,0
DA:467,0
DA:468,0
DA:470,0
DA:471,0
DA:473,0
DA:474,0
DA:476,0
DA:477,0
DA:480,0
DA:481,0
DA:482,0
DA:483,0
DA:487,0
DA:488,0
DA:492,0
DA:494,0
DA:498,0
DA:500,0
DA:501,0
DA:503,0
DA:507,0
DA:508,0
DA:510,0
DA:511,0
DA:513,0
DA:514,0
DA:516,0
DA:517,0
DA:518,0
DA:519,0
DA:521,0
DA:522,0
DA:524,0
DA:525,0
DA:527,0
DA:528,0
DA:531,0
DA:532,0
DA:533,0
DA:537,0
DA:542,0
DA:544,0
DA:545,0
DA:547,0
DA:551,0
DA:552,0
DA:554,0
DA:555,0
DA:557,0
DA:558,0
DA:560,0
DA:561,0
DA:562,0
DA:563,0
DA:565,0
DA:566,0
DA:568,0
DA:569,0
DA:570,0
DA:571,0
DA:574,0
DA:575,0
DA:576,0
DA:580,0
DA:585,1
DA:586,1
DA:587,1
DA:588,1
DA:589,1
DA:590,1
LF:326
LH:11
BRDA:28,0,0,0
BRDA:28,1,0,0
BRDA:33,2,0,0
BRDA:33,2,1,0
BRDA:33,3,0,0
BRDA:33,3,1,0
BRDA:34,4,0,0
BRDA:34,4,1,0
BRDA:36,5,0,0
BRDA:36,5,1,0
BRDA:37,6,0,0
BRDA:37,6,1,0
BRDA:42,7,0,0
BRDA:42,7,1,0
BRDA:42,8,0,0
BRDA:42,8,1,0
BRDA:48,9,0,0
BRDA:48,9,1,0
BRDA:63,10,0,0
BRDA:63,10,1,0
BRDA:64,11,0,0
BRDA:64,11,1,0
BRDA:71,12,0,0
BRDA:71,12,1,0
BRDA:121,13,0,0
BRDA:124,14,0,0
BRDA:124,14,1,0
BRDA:126,15,0,0
BRDA:126,15,1,0
BRDA:144,16,0,0
BRDA:144,16,1,0
BRDA:160,17,0,0
BRDA:160,17,1,0
BRDA:180,18,0,0
BRDA:180,18,1,0
BRDA:180,19,0,0
BRDA:180,19,1,0
BRDA:183,20,0,0
BRDA:183,20,1,0
BRDA:184,21,0,0
BRDA:184,21,1,0
BRDA:187,22,0,0
BRDA:187,22,1,0
BRDA:189,23,0,0
BRDA:189,23,1,0
BRDA:196,24,0,0
BRDA:196,25,0,0
BRDA:196,26,0,0
BRDA:207,27,0,0
BRDA:207,27,1,0
BRDA:207,28,0,0
BRDA:207,28,1,0
BRDA:208,29,0,0
BRDA:208,29,1,0
BRDA:213,30,0,0
BRDA:213,30,1,0
BRDA:214,31,0,0
BRDA:214,31,1,0
BRDA:226,32,0,0
BRDA:226,32,1,0
BRDA:228,33,0,0
BRDA:228,33,1,0
BRDA:229,34,0,0
BRDA:229,34,1,0
BRDA:235,35,0,0
BRDA:235,35,1,0
BRDA:240,36,0,0
BRDA:242,37,0,0
BRDA:242,37,1,0
BRDA:243,38,0,0
BRDA:243,38,1,0
BRDA:244,39,0,0
BRDA:244,39,1,0
BRDA:277,40,0,0
BRDA:277,40,1,0
BRDA:293,41,0,0
BRDA:293,42,0,0
BRDA:297,43,0,0
BRDA:297,43,1,0
BRDA:330,44,0,0
BRDA:330,45,0,0
BRDA:334,46,0,0
BRDA:334,46,1,0
BRDA:367,47,0,0
BRDA:370,48,0,0
BRDA:370,48,1,0
BRDA:378,49,0,0
BRDA:378,49,1,0
BRDA:395,50,0,0
BRDA:395,51,0,0
BRDA:395,52,0,0
BRDA:398,53,0,0
BRDA:398,53,1,0
BRDA:410,54,0,0
BRDA:410,54,1,0
BRDA:446,55,0,0
BRDA:446,56,0,0
BRDA:446,57,0,0
BRDA:449,58,0,0
BRDA:449,58,1,0
BRDA:461,59,0,0
BRDA:461,59,1,0
BRDA:497,60,0,0
BRDA:497,61,0,0
BRDA:497,62,0,0
BRDA:500,63,0,0
BRDA:500,63,1,0
BRDA:513,64,0,0
BRDA:513,64,1,0
BRDA:541,65,0,0
BRDA:541,66,0,0
BRDA:541,67,0,0
BRDA:544,68,0,0
BRDA:544,68,1,0
BRDA:557,69,0,0
BRDA:557,69,1,0
BRF:116
BRH:0
end_of_record
TN:
SF:src\firebase\Subcollection.js
FN:29,(anonymous_0)
FN:61,(anonymous_1)
FN:62,(anonymous_2)
FN:66,(anonymous_3)
FN:67,(anonymous_4)
FN:74,(anonymous_5)
FN:75,(anonymous_6)
FN:84,(anonymous_7)
FN:89,(anonymous_8)
FN:93,(anonymous_9)
FN:105,(anonymous_10)
FN:115,(anonymous_11)
FN:122,(anonymous_12)
FN:142,(anonymous_13)
FN:158,(anonymous_14)
FN:176,(anonymous_15)
FN:179,(anonymous_16)
FN:197,(anonymous_17)
FN:242,(anonymous_18)
FN:243,(anonymous_19)
FN:257,(anonymous_20)
FN:261,(anonymous_21)
FN:268,(anonymous_22)
FN:275,(anonymous_23)
FN:296,(anonymous_24)
FN:317,(anonymous_25)
FN:334,(anonymous_26)
FN:355,(anonymous_27)
FN:372,(anonymous_28)
FN:408,(anonymous_29)
FN:424,(anonymous_30)
FN:439,(anonymous_31)
FN:451,(anonymous_32)
FN:487,(anonymous_33)
FN:501,(anonymous_34)
FN:534,(anonymous_35)
FN:549,(anonymous_36)
FN:585,(anonymous_37)
FN:599,(anonymous_38)
FN:610,(anonymous_39)
FN:623,(anonymous_40)
FN:654,(anonymous_41)
FN:669,(anonymous_42)
FN:703,(anonymous_43)
FN:719,(anonymous_44)
FNF:45
FNH:1
FNDA:0,(anonymous_0)
FNDA:0,(anonymous_1)
FNDA:0,(anonymous_2)
FNDA:0,(anonymous_3)
FNDA:0,(anonymous_4)
FNDA:0,(anonymous_5)
FNDA:0,(anonymous_6)
FNDA:0,(anonymous_7)
FNDA:0,(anonymous_8)
FNDA:0,(anonymous_9)
FNDA:0,(anonymous_10)
FNDA:0,(anonymous_11)
FNDA:0,(anonymous_12)
FNDA:0,(anonymous_13)
FNDA:0,(anonymous_14)
FNDA:0,(anonymous_15)
FNDA:0,(anonymous_16)
FNDA:0,(anonymous_17)
FNDA:0,(anonymous_18)
FNDA:0,(anonymous_19)
FNDA:0,(anonymous_20)
FNDA:0,(anonymous_21)
FNDA:0,(anonymous_22)
FNDA:0,(anonymous_23)
FNDA:0,(anonymous_24)
FNDA:0,(anonymous_25)
FNDA:0,(anonymous_26)
FNDA:0,(anonymous_27)
FNDA:0,(anonymous_28)
FNDA:0,(anonymous_29)
FNDA:0,(anonymous_30)
FNDA:0,(anonymous_31)
FNDA:0,(anonymous_32)
FNDA:0,(anonymous_33)
FNDA:0,(anonymous_34)
FNDA:0,(anonymous_35)
FNDA:0,(anonymous_36)
FNDA:0,(anonymous_37)
FNDA:0,(anonymous_38)
FNDA:0,(anonymous_39)
FNDA:0,(anonymous_40)
FNDA:0,(anonymous_41)
FNDA:0,(anonymous_42)
FNDA:0,(anonymous_43)
FNDA:7,(anonymous_44)
DA:29,1
DA:30,0
DA:31,0
DA:32,0
DA:34,0
DA:35,0
DA:36,0
DA:37,0
DA:38,0
DA:39,0
DA:41,0
DA:43,0
DA:44,0
DA:46,0
DA:49,0
DA:50,0
DA:56,1
DA:57,1
DA:58,1
DA:59,1
DA:62,0
DA:63,0
DA:64,0
DA:65,0
DA:66,0
DA:67,0
DA:68,0
DA:72,0
DA:73,0
DA:74,0
DA:75,0
DA:76,0
DA:85,0
DA:86,0
DA:90,0
DA:94,0
DA:95,0
DA:96,0
DA:97,0
DA:98,0
DA:99,0
DA:102,0
DA:106,0
DA:107,0
DA:108,0
DA:110,0
DA:111,0
DA:116,0
DA:117,0
DA:118,0
DA:119,0
DA:123,0
DA:124,0
DA:125,0
DA:126,0
DA:127,0
DA:128,0
DA:130,0
DA:132,0
DA:133,0
DA:134,0
DA:137,0
DA:138,0
DA:143,0
DA:144,0
DA:145,0
DA:146,0
DA:147,0
DA:148,0
DA:149,0
DA:150,0
DA:153,0
DA:154,0
DA:159,0
DA:160,0
DA:161,0
DA:162,0
DA:163,0
DA:164,0
DA:165,0
DA:166,0
DA:168,0
DA:171,0
DA:172,0
DA:177,0
DA:178,0
DA:179,0
DA:180,0
DA:181,0
DA:182,0
DA:184,0
DA:185,0
DA:186,0
DA:188,0
DA:190,0
DA:191,0
DA:193,0
DA:198,0
DA:199,0
DA:200,0
DA:201,0
DA:202,0
DA:203,0
DA:205,0
DA:206,0
DA:207,0
DA:209,0
DA:210,0
DA:211,0
DA:213,0
DA:215,0
DA:216,0
DA:217,0
DA:218,0
DA:219,0
DA:220,0
DA:221,0
DA:222,0
DA:223,0
DA:225,0
DA:227,0
DA:228,0
DA:229,0
DA:230,0
DA:231,0
DA:232,0
DA:237,0
DA:238,0
DA:243,0
DA:244,0
DA:245,0
DA:246,0
DA:247,0
DA:250,0
DA:253,0
DA:258,0
DA:262,0
DA:263,0
DA:264,0
DA:265,0
DA:268,0
DA:269,0
DA:270,0
DA:276,0
DA:277,0
DA:278,0
DA:279,0
DA:280,0
DA:281,0
DA:282,0
DA:284,0
DA:285,0
DA:286,0
DA:287,0
DA:289,0
DA:291,0
DA:292,0
DA:297,0
DA:298,0
DA:299,0
DA:300,0
DA:301,0
DA:302,0
DA:303,0
DA:304,0
DA:306,0
DA:308,0
DA:309,0
DA:311,0
DA:312,0
DA:313,0
DA:314,0
DA:317,0
DA:318,0
DA:319,0
DA:323,0
DA:324,0
DA:327,0
DA:329,0
DA:330,0
DA:335,0
DA:336,0
DA:337,0
DA:338,0
DA:339,0
DA:340,0
DA:341,0
DA:342,0
DA:344,0
DA:346,0
DA:347,0
DA:349,0
DA:350,0
DA:351,0
DA:352,0
DA:355,0
DA:356,0
DA:357,0
DA:361,0
DA:362,0
DA:365,0
DA:367,0
DA:368,0
DA:373,0
DA:374,0
DA:376,0
DA:377,0
DA:379,0
DA:382,0
DA:383,0
DA:385,0
DA:386,0
DA:388,0
DA:389,0
DA:391,0
DA:392,0
DA:393,0
DA:394,0
DA:395,0
DA:397,0
DA:398,0
DA:400,0
DA:401,0
DA:403,0
DA:404,0
DA:407,0
DA:408,0
DA:409,0
DA:410,0
DA:414,0
DA:415,0
DA:419,0
DA:421,0
DA:425,0
DA:426,0
DA:428,0
DA:429,0
DA:431,0
DA:434,0
DA:435,0
DA:436,0
DA:437,0
DA:439,0
DA:440,0
DA:441,0
DA:442,0
DA:446,0
DA:447,0
DA:452,0
DA:453,0
DA:455,0
DA:456,0
DA:458,0
DA:462,0
DA:463,0
DA:465,0
DA:466,0
DA:468,0
DA:469,0
DA:471,0
DA:472,0
DA:473,0
DA:474,0
DA:476,0
DA:477,0
DA:479,0
DA:480,0
DA:482,0
DA:483,0
DA:486,0
DA:487,0
DA:488,0
DA:489,0
DA:493,0
DA:494,0
DA:497,0
DA:502,0
DA:503,0
DA:505,0
DA:506,0
DA:508,0
DA:512,0
DA:513,0
DA:515,0
DA:516,0
DA:518,0
DA:519,0
DA:521,0
DA:522,0
DA:523,0
DA:524,0
DA:525,0
DA:527,0
DA:528,0
DA:529,0
DA:530,0
DA:533,0
DA:534,0
DA:535,0
DA:536,0
DA:540,0
DA:541,0
DA:544,0
DA:546,0
DA:550,0
DA:551,0
DA:553,0
DA:554,0
DA:556,0
DA:560,0
DA:561,0
DA:563,0
DA:564,0
DA:566,0
DA:567,0
DA:570,0
DA:571,0
DA:572,0
DA:573,0
DA:575,0
DA:576,0
DA:578,0
DA:579,0
DA:580,0
DA:581,0
DA:584,0
DA:585,0
DA:586,0
DA:587,0
DA:591,0
DA:592,0
DA:595,0
DA:600,0
DA:602,0
DA:603,0
DA:605,0
DA:608,0
DA:609,0
DA:610,0
DA:611,0
DA:612,0
DA:613,0
DA:614,0
DA:615,0
DA:618,0
DA:619,0
DA:624,0
DA:626,0
DA:627,0
DA:629,0
DA:633,0
DA:634,0
DA:636,0
DA:637,0
DA:639,0
DA:640,0
DA:641,0
DA:642,0
DA:643,0
DA:644,0
DA:645,0
DA:647,0
DA:648,0
DA:649,0
DA:650,0
DA:653,0
DA:654,0
DA:655,0
DA:656,0
DA:660,0
DA:661,0
DA:664,0
DA:666,0
DA:670,0
DA:672,0
DA:673,0
DA:675,0
DA:678,0
DA:679,0
DA:681,0
DA:682,0
DA:684,0
DA:685,0
DA:686,0
DA:687,0
DA:688,0
DA:689,0
DA:690,0
DA:692,0
DA:693,0
DA:695,0
DA:696,0
DA:698,0
DA:699,0
DA:702,0
DA:703,0
DA:704,0
DA:705,0
DA:709,0
DA:710,0
DA:714,0
DA:716,0
DA:720,7
DA:721,7
DA:722,7
DA:723,7
DA:724,7
DA:725,7
LF:408
LH:11
BRDA:29,0,0,0
BRDA:29,1,0,0
BRDA:34,2,0,0
BRDA:34,2,1,0
BRDA:34,3,0,0
BRDA:34,3,1,0
BRDA:35,4,0,0
BRDA:35,4,1,0
BRDA:37,5,0,0
BRDA:37,5,1,0
BRDA:38,6,0,0
BRDA:38,6,1,0
BRDA:43,7,0,0
BRDA:43,7,1,0
BRDA:43,8,0,0
BRDA:43,8,1,0
BRDA:49,9,0,0
BRDA:49,9,1,0
BRDA:64,10,0,0
BRDA:64,10,1,0
BRDA:65,11,0,0
BRDA:65,11,1,0
BRDA:72,12,0,0
BRDA:72,12,1,0
BRDA:122,13,0,0
BRDA:125,14,0,0
BRDA:125,14,1,0
BRDA:127,15,0,0
BRDA:127,15,1,0
BRDA:145,16,0,0
BRDA:145,16,1,0
BRDA:161,17,0,0
BRDA:161,17,1,0
BRDA:181,18,0,0
BRDA:181,18,1,0
BRDA:181,19,0,0
BRDA:181,19,1,0
BRDA:184,20,0,0
BRDA:184,20,1,0
BRDA:185,21,0,0
BRDA:185,21,1,0
BRDA:188,22,0,0
BRDA:188,22,1,0
BRDA:190,23,0,0
BRDA:190,23,1,0
BRDA:197,24,0,0
BRDA:197,25,0,0
BRDA:197,26,0,0
BRDA:209,27,0,0
BRDA:209,27,1,0
BRDA:209,28,0,0
BRDA:209,28,1,0
BRDA:210,29,0,0
BRDA:210,29,1,0
BRDA:215,30,0,0
BRDA:215,30,1,0
BRDA:216,31,0,0
BRDA:216,31,1,0
BRDA:228,32,0,0
BRDA:228,32,1,0
BRDA:230,33,0,0
BRDA:230,33,1,0
BRDA:231,34,0,0
BRDA:231,34,1,0
BRDA:237,35,0,0
BRDA:237,35,1,0
BRDA:242,36,0,0
BRDA:244,37,0,0
BRDA:244,37,1,0
BRDA:245,38,0,0
BRDA:245,38,1,0
BRDA:246,39,0,0
BRDA:246,39,1,0
BRDA:275,40,0,0
BRDA:275,41,0,0
BRDA:279,42,0,0
BRDA:279,42,1,0
BRDA:296,43,0,0
BRDA:296,44,0,0
BRDA:301,45,0,0
BRDA:301,45,1,0
BRDA:334,46,0,0
BRDA:334,47,0,0
BRDA:339,48,0,0
BRDA:339,48,1,0
BRDA:372,49,0,0
BRDA:372,50,0,0
BRDA:372,51,0,0
BRDA:376,52,0,0
BRDA:376,52,1,0
BRDA:388,53,0,0
BRDA:388,53,1,0
BRDA:424,54,0,0
BRDA:424,55,0,0
BRDA:424,56,0,0
BRDA:428,57,0,0
BRDA:428,57,1,0
BRDA:436,58,0,0
BRDA:436,58,1,0
BRDA:451,59,0,0
BRDA:451,60,0,0
BRDA:451,61,0,0
BRDA:455,62,0,0
BRDA:455,62,1,0
BRDA:468,63,0,0
BRDA:468,63,1,0
BRDA:501,64,0,0
BRDA:501,65,0,0
BRDA:501,66,0,0
BRDA:505,67,0,0
BRDA:505,67,1,0
BRDA:518,68,0,0
BRDA:518,68,1,0
BRDA:549,69,0,0
BRDA:549,70,0,0
BRDA:549,71,0,0
BRDA:553,72,0,0
BRDA:553,72,1,0
BRDA:566,73,0,0
BRDA:566,73,1,0
BRDA:599,74,0,0
BRDA:602,75,0,0
BRDA:602,75,1,0
BRDA:623,76,0,0
BRDA:623,77,0,0
BRDA:623,78,0,0
BRDA:626,79,0,0
BRDA:626,79,1,0
BRDA:669,80,0,0
BRDA:669,81,0,0
BRDA:669,82,0,0
BRDA:672,83,0,0
BRDA:672,83,1,0
BRF:133
BRH:0
end_of_record
TN:
SF:src\firebase\firebase.js
FN:35,(anonymous_0)
FN:37,(anonymous_1)
FNF:2
FNH:0
FNDA:0,(anonymous_0)
FNDA:0,(anonymous_1)
DA:21,1
DA:24,1
DA:35,1
DA:36,0
DA:37,0
DA:38,0
DA:41,1
DA:42,1
DA:43,1
DA:44,1
DA:45,1
DA:46,1
DA:47,1
DA:55,1
LF:14
LH:11
BRF:0
BRH:0
end_of_record
TN:
SF:src\firebase\firebaseSettings.js
FNF:0
FNH:0
LF:0
LH:0
BRF:0
BRH:0
end_of_record
TN:
SF:src\firebase\comics\Chapter.js
FN:28,(anonymous_0)
FN:59,(anonymous_1)
FN:65,(anonymous_2)
FNF:3
FNH:0
FNDA:0,(anonymous_0)
FNDA:0,(anonymous_1)
FNDA:0,(anonymous_2)
DA:17,1
DA:18,1
DA:29,0
DA:30,0
DA:32,0
DA:34,0
DA:37,0
DA:38,0
DA:39,0
DA:40,0
DA:45,0
DA:60,0
DA:61,0
DA:62,0
DA:66,0
DA:67,0
LF:16
LH:2
BRDA:28,0,0,0
BRDA:37,1,0,0
BRDA:37,1,1,0
BRDA:59,2,0,0
BRF:4
BRH:0
end_of_record
TN:
SF:src\firebase\comics\Page.js
FN:21,(anonymous_0)
FN:26,(anonymous_1)
FNF:2
FNH:0
FNDA:0,(anonymous_0)
FNDA:0,(anonymous_1)
DA:8,1
DA:9,1
DA:22,0
DA:23,0
DA:27,0
DA:28,0
DA:29,0
LF:7
LH:2
BRF:0
BRH:0
end_of_record
TN:
SF:src\firebase\notifications\Comic.js
FN:14,(anonymous_0)
FN:16,(anonymous_1)
FN:22,(anonymous_2)
FN:29,(anonymous_3)
FNF:4
FNH:0
FNDA:0,(anonymous_0)
FNDA:0,(anonymous_1)
FNDA:0,(anonymous_2)
FNDA:0,(anonymous_3)
DA:6,1
DA:7,1
DA:15,0
DA:16,0
DA:17,0
DA:18,0
DA:23,0
DA:24,0
DA:30,0
DA:31,0
DA:32,0
LF:11
LH:2
BRDA:14,0,0,0
BRF:1
BRH:0
end_of_record
TN:
SF:src\firebase\types\index.js
FN:12,(anonymous_0)
FN:28,(anonymous_1)
FN:61,(anonymous_2)
FN:94,(anonymous_3)
FN:98,(anonymous_4)
FNF:5
FNH:0
FNDA:0,(anonymous_0)
FNDA:0,(anonymous_1)
FNDA:0,(anonymous_2)
FNDA:0,(anonymous_3)
FNDA:0,(anonymous_4)
DA:13,0
DA:14,0
DA:15,0
DA:16,0
DA:17,0
DA:18,0
DA:19,0
DA:23,0
DA:24,0
DA:29,0
DA:30,0
DA:31,0
DA:33,0
DA:34,0
DA:35,0
DA:36,0
DA:38,0
DA:40,0
DA:41,0
DA:45,0
DA:47,0
DA:50,0
DA:54,0
DA:55,0
DA:62,0
DA:63,0
DA:64,0
DA:66,0
DA:67,0
DA:68,0
DA:69,0
DA:71,0
DA:73,0
DA:74,0
DA:78,0
DA:80,0
DA:83,0
DA:87,0
DA:88,0
DA:95,0
DA:99,0
LF:41
LH:0
BRF:0
BRH:0
end_of_record
TN:
SF:src\firebase\users\PurchasedComic.js
FN:10,(anonymous_0)
FNF:1
FNH:0
FNDA:0,(anonymous_0)
DA:5,1
DA:6,1
DA:11,0
DA:12,0
LF:4
LH:2
BRF:0
BRH:0
end_of_record
TN:
SF:src\firebase\users\User.js
FN:31,(anonymous_0)
FN:39,(anonymous_1)
FN:65,(anonymous_2)
FN:73,(anonymous_3)
FN:74,(anonymous_4)
FN:85,(anonymous_5)
FN:92,(anonymous_6)
FN:97,(anonymous_7)
FN:105,(anonymous_8)
FN:113,(anonymous_9)
FN:118,(anonymous_10)
FN:135,(anonymous_11)
FN:140,(anonymous_12)
FN:157,(anonymous_13)
FN:165,(anonymous_14)
FN:168,(anonymous_15)
FN:181,(anonymous_16)
FN:189,(anonymous_17)
FN:203,(anonymous_18)
FN:214,(anonymous_19)
FN:227,(anonymous_20)
FN:235,(anonymous_21)
FN:241,(anonymous_22)
FN:250,(anonymous_23)
FN:265,(anonymous_24)
FN:267,(anonymous_25)
FN:272,(anonymous_26)
FN:276,(anonymous_27)
FN:280,(anonymous_28)
FN:281,(anonymous_29)
FN:285,(anonymous_30)
FN:295,(anonymous_31)
FN:302,(anonymous_32)
FN:318,(anonymous_33)
FN:321,(anonymous_34)
FN:338,(anonymous_35)
FN:364,(anonymous_36)
FN:378,(anonymous_37)
FN:383,(anonymous_38)
FN:393,(anonymous_39)
FN:407,(anonymous_40)
FNF:41
FNH:0
FNDA:0,(anonymous_0)
FNDA:0,(anonymous_1)
FNDA:0,(anonymous_2)
FNDA:0,(anonymous_3)
FNDA:0,(anonymous_4)
FNDA:0,(anonymous_5)
FNDA:0,(anonymous_6)
FNDA:0,(anonymous_7)
FNDA:0,(anonymous_8)
FNDA:0,(anonymous_9)
FNDA:0,(anonymous_10)
FNDA:0,(anonymous_11)
FNDA:0,(anonymous_12)
FNDA:0,(anonymous_13)
FNDA:0,(anonymous_14)
FNDA:0,(anonymous_15)
FNDA:0,(anonymous_16)
FNDA:0,(anonymous_17)
FNDA:0,(anonymous_18)
FNDA:0,(anonymous_19)
FNDA:0,(anonymous_20)
FNDA:0,(anonymous_21)
FNDA:0,(anonymous_22)
FNDA:0,(anonymous_23)
FNDA:0,(anonymous_24)
FNDA:0,(anonymous_25)
FNDA:0,(anonymous_26)
FNDA:0,(anonymous_27)
FNDA:0,(anonymous_28)
FNDA:0,(anonymous_29)
FNDA:0,(anonymous_30)
FNDA:0,(anonymous_31)
FNDA:0,(anonymous_32)
FNDA:0,(anonymous_33)
FNDA:0,(anonymous_34)
FNDA:0,(anonymous_35)
FNDA:0,(anonymous_36)
FNDA:0,(anonymous_37)
FNDA:0,(anonymous_38)
FNDA:0,(anonymous_39)
FNDA:0,(anonymous_40)
DA:31,1
DA:32,0
DA:33,0
DA:34,0
DA:36,0
DA:39,1
DA:40,0
DA:41,0
DA:42,0
DA:43,0
DA:44,0
DA:48,1
DA:49,1
DA:50,1
DA:66,0
DA:67,0
DA:68,0
DA:70,0
DA:71,0
DA:73,0
DA:74,0
DA:75,0
DA:79,0
DA:80,0
DA:82,0
DA:86,0
DA:87,0
DA:89,0
DA:93,0
DA:94,0
DA:98,0
DA:99,0
DA:100,0
DA:106,0
DA:107,0
DA:108,0
DA:114,0
DA:115,0
DA:117,0
DA:118,0
DA:119,0
DA:120,0
DA:123,0
DA:124,0
DA:136,0
DA:137,0
DA:139,0
DA:140,0
DA:141,0
DA:142,0
DA:145,0
DA:146,0
DA:158,0
DA:159,0
DA:160,0
DA:162,0
DA:166,0
DA:167,0
DA:168,0
DA:169,0
DA:170,0
DA:174,0
DA:182,0
DA:183,0
DA:185,0
DA:186,0
DA:190,0
DA:191,0
DA:194,0
DA:195,0
DA:196,0
DA:203,0
DA:204,0
DA:206,0
DA:209,0
DA:215,0
DA:216,0
DA:218,0
DA:219,0
DA:220,0
DA:221,0
DA:223,0
DA:229,0
DA:230,0
DA:232,0
DA:235,0
DA:236,0
DA:237,0
DA:242,0
DA:243,0
DA:244,0
DA:246,0
DA:251,0
DA:252,0
DA:253,0
DA:255,0
DA:256,0
DA:258,0
DA:259,0
DA:260,0
DA:262,0
DA:266,0
DA:267,0
DA:268,0
DA:273,0
DA:277,0
DA:281,0
DA:282,0
DA:283,0
DA:284,0
DA:286,0
DA:287,0
DA:290,0
DA:291,0
DA:292,0
DA:296,0
DA:297,0
DA:298,0
DA:300,0
DA:302,0
DA:303,0
DA:306,0
DA:307,0
DA:308,0
DA:319,0
DA:320,0
DA:322,0
DA:323,0
DA:326,0
DA:328,0
DA:329,0
DA:330,0
DA:339,0
DA:341,0
DA:342,0
DA:365,0
DA:366,0
DA:367,0
DA:368,0
DA:370,0
DA:371,0
DA:372,0
DA:373,0
DA:376,0
DA:377,0
DA:378,0
DA:379,0
DA:382,0
DA:383,0
DA:384,0
DA:388,0
DA:389,0
DA:390,0
DA:394,0
DA:395,0
DA:396,0
DA:397,0
DA:398,0
DA:399,0
DA:400,0
DA:402,0
DA:403,0
DA:408,0
DA:409,0
LF:164
LH:5
BRDA:33,0,0,0
BRDA:33,0,1,0
BRDA:67,1,0,0
BRDA:67,1,1,0
BRDA:70,2,0,0
BRDA:70,2,1,0
BRDA:79,3,0,0
BRDA:79,3,1,0
BRDA:92,4,0,0
BRDA:92,5,0,0
BRDA:159,6,0,0
BRDA:159,6,1,0
BRDA:169,7,0,0
BRDA:169,7,1,0
BRDA:182,8,0,0
BRDA:182,8,1,0
BRDA:190,9,0,0
BRDA:190,9,1,0
BRDA:204,10,0,0
BRDA:204,10,1,0
BRDA:215,11,0,0
BRDA:215,11,1,0
BRDA:220,12,0,0
BRDA:220,12,1,0
BRDA:221,13,0,0
BRDA:221,13,1,0
BRDA:227,14,0,0
BRDA:227,15,0,0
BRDA:227,16,0,0
BRDA:229,17,0,0
BRDA:229,17,1,0
BRDA:242,18,0,0
BRDA:242,18,1,0
BRDA:252,19,0,0
BRDA:252,19,1,0
BRDA:255,20,0,0
BRDA:255,20,1,0
BRDA:258,21,0,0
BRDA:258,21,1,0
BRDA:297,22,0,0
BRDA:297,22,1,0
BRDA:341,23,0,0
BRDA:341,23,1,0
BRDA:370,24,0,0
BRDA:370,24,1,0
BRF:45
BRH:0
end_of_record
TN:
SF:src\firebase\utils\index.js
FN:11,(anonymous_0)
FN:15,(anonymous_1)
FN:19,(anonymous_2)
FN:36,(anonymous_3)
FN:38,(anonymous_4)
FN:41,(anonymous_5)
FN:48,(anonymous_6)
FN:55,(anonymous_7)
FN:56,(anonymous_8)
FN:62,(anonymous_9)
FN:66,(anonymous_10)
FN:70,(anonymous_11)
FN:76,(anonymous_12)
FN:119,(anonymous_13)
FNF:14
FNH:0
FNDA:0,(anonymous_0)
FNDA:0,(anonymous_1)
FNDA:0,(anonymous_2)
FNDA:0,(anonymous_3)
FNDA:0,(anonymous_4)
FNDA:0,(anonymous_5)
FNDA:0,(anonymous_6)
FNDA:0,(anonymous_7)
FNDA:0,(anonymous_8)
FNDA:0,(anonymous_9)
FNDA:0,(anonymous_10)
FNDA:0,(anonymous_11)
FNDA:0,(anonymous_12)
FNDA:0,(anonymous_13)
DA:8,1
DA:9,1
DA:11,1
DA:12,0
DA:15,1
DA:16,0
DA:19,1
DA:21,0
DA:22,0
DA:24,0
DA:25,0
DA:36,0
DA:37,0
DA:38,0
DA:39,0
DA:41,0
DA:42,0
DA:44,0
DA:48,1
DA:49,0
DA:50,0
DA:51,0
DA:52,0
DA:55,1
DA:56,0
DA:57,0
DA:58,0
DA:62,1
DA:63,0
DA:66,1
DA:67,0
DA:70,1
DA:71,0
DA:72,0
DA:73,0
DA:74,0
DA:75,0
DA:76,0
DA:77,0
DA:79,0
DA:80,0
DA:83,0
DA:119,1
DA:120,0
DA:122,0
DA:123,0
DA:125,0
DA:126,0
DA:128,0
DA:130,0
DA:132,0
DA:134,0
DA:136,0
DA:138,0
LF:54
LH:11
BRDA:21,0,0,0
BRDA:21,0,1,0
BRDA:70,1,0,0
BRDA:120,2,0,0
BRDA:120,2,1,0
BRDA:120,2,2,0
BRDA:120,2,3,0
BRDA:120,2,4,0
BRDA:120,2,5,0
BRDA:120,2,6,0
BRF:10
BRH:0
end_of_record
TN:
SF:src\router\index.js
FN:14,(anonymous_0)
FN:25,(anonymous_1)
FN:36,(anonymous_2)
FN:47,(anonymous_3)
FN:58,(anonymous_4)
FN:69,(anonymous_5)
FN:80,(anonymous_6)
FN:91,(anonymous_7)
FN:102,(anonymous_8)
FN:113,(anonymous_9)
FN:124,(anonymous_10)
FN:135,(anonymous_11)
FN:146,(anonymous_12)
FN:157,(anonymous_13)
FN:168,(anonymous_14)
FN:179,(anonymous_15)
FN:190,(anonymous_16)
FN:201,(anonymous_17)
FN:212,(anonymous_18)
FN:223,(anonymous_19)
FN:234,(anonymous_20)
FN:245,(anonymous_21)
FN:256,(anonymous_22)
FN:267,(anonymous_23)
FN:278,(anonymous_24)
FN:289,(anonymous_25)
FN:301,(anonymous_26)
FN:312,(anonymous_27)
FN:320,(anonymous_28)
FN:328,(anonymous_29)
FN:336,(anonymous_30)
FN:344,(anonymous_31)
FN:353,(anonymous_32)
FN:362,(anonymous_33)
FN:367,(anonymous_34)
FNF:35
FNH:3
FNDA:0,(anonymous_0)
FNDA:0,(anonymous_1)
FNDA:0,(anonymous_2)
FNDA:0,(anonymous_3)
FNDA:0,(anonymous_4)
FNDA:0,(anonymous_5)
FNDA:0,(anonymous_6)
FNDA:0,(anonymous_7)
FNDA:0,(anonymous_8)
FNDA:0,(anonymous_9)
FNDA:0,(anonymous_10)
FNDA:0,(anonymous_11)
FNDA:0,(anonymous_12)
FNDA:0,(anonymous_13)
FNDA:0,(anonymous_14)
FNDA:0,(anonymous_15)
FNDA:0,(anonymous_16)
FNDA:0,(anonymous_17)
FNDA:0,(anonymous_18)
FNDA:0,(anonymous_19)
FNDA:0,(anonymous_20)
FNDA:0,(anonymous_21)
FNDA:0,(anonymous_22)
FNDA:0,(anonymous_23)
FNDA:0,(anonymous_24)
FNDA:0,(anonymous_25)
FNDA:1,(anonymous_26)
FNDA:0,(anonymous_27)
FNDA:0,(anonymous_28)
FNDA:0,(anonymous_29)
FNDA:0,(anonymous_30)
FNDA:0,(anonymous_31)
FNDA:0,(anonymous_32)
FNDA:1,(anonymous_33)
FNDA:2,(anonymous_34)
DA:4,1
DA:14,0
DA:25,0
DA:36,0
DA:47,0
DA:58,0
DA:69,0
DA:80,0
DA:91,0
DA:102,0
DA:113,0
DA:124,0
DA:135,0
DA:146,0
DA:157,0
DA:168,0
DA:179,0
DA:190,0
DA:201,0
DA:212,0
DA:223,0
DA:234,0
DA:245,0
DA:256,0
DA:267,0
DA:278,0
DA:289,0
DA:293,1
DA:301,1
DA:312,0
DA:320,0
DA:328,0
DA:336,0
DA:344,0
DA:353,0
DA:358,1
DA:363,1
DA:367,1
DA:368,2
DA:369,0
DA:374,0
DA:377,2
DA:378,2
DA:380,2
DA:381,1
DA:384,1
LF:46
LH:12
BRDA:368,0,0,0
BRDA:368,0,1,2
BRDA:368,1,0,2
BRDA:368,1,1,0
BRDA:380,2,0,1
BRDA:380,2,1,1
BRDA:380,3,0,2
BRDA:380,3,1,1
BRF:8
BRH:6
end_of_record
TN:
SF:src\store\auth.js
FN:8,(anonymous_0)
FN:21,(anonymous_1)
FN:21,(anonymous_2)
FN:21,(anonymous_3)
FN:23,(anonymous_4)
FN:25,(anonymous_5)
FN:43,(anonymous_6)
FN:50,(anonymous_7)
FN:50,(anonymous_8)
FN:50,(anonymous_9)
FN:51,(anonymous_10)
FN:56,(anonymous_11)
FN:62,(anonymous_12)
FN:62,(anonymous_13)
FN:62,(anonymous_14)
FN:64,(anonymous_15)
FN:67,(anonymous_16)
FN:77,(anonymous_17)
FN:84,(anonymous_18)
FN:85,(anonymous_19)
FN:88,(anonymous_20)
FN:91,(anonymous_21)
FN:93,(anonymous_22)
FNF:23
FNH:0
FNDA:0,(anonymous_0)
FNDA:0,(anonymous_1)
FNDA:0,(anonymous_2)
FNDA:0,(anonymous_3)
FNDA:0,(anonymous_4)
FNDA:0,(anonymous_5)
FNDA:0,(anonymous_6)
FNDA:0,(anonymous_7)
FNDA:0,(anonymous_8)
FNDA:0,(anonymous_9)
FNDA:0,(anonymous_10)
FNDA:0,(anonymous_11)
FNDA:0,(anonymous_12)
FNDA:0,(anonymous_13)
FNDA:0,(anonymous_14)
FNDA:0,(anonymous_15)
FNDA:0,(anonymous_16)
FNDA:0,(anonymous_17)
FNDA:0,(anonymous_18)
FNDA:0,(anonymous_19)
FNDA:0,(anonymous_20)
FNDA:0,(anonymous_21)
FNDA:0,(anonymous_22)
DA:7,1
DA:8,0
DA:22,0
DA:23,0
DA:24,0
DA:25,0
DA:26,0
DA:27,0
DA:29,0
DA:30,0
DA:31,0
DA:36,0
DA:37,0
DA:38,0
DA:39,0
DA:40,0
DA:41,0
DA:45,0
DA:46,0
DA:47,0
DA:51,0
DA:52,0
DA:53,0
DA:54,0
DA:58,0
DA:59,0
DA:63,0
DA:64,0
DA:65,0
DA:66,0
DA:67,0
DA:68,0
DA:70,0
DA:71,0
DA:72,0
DA:73,0
DA:74,0
DA:75,0
DA:79,0
DA:80,0
DA:81,0
DA:85,0
DA:86,0
DA:87,0
DA:88,0
DA:89,0
DA:91,0
DA:92,0
DA:93,0
DA:94,0
DA:96,0
DA:97,0
DA:98,0
DA:99,0
DA:111,0
DA:112,0
LF:56
LH:1
BRDA:21,0,0,0
BRDA:21,1,0,0
BRDA:50,2,0,0
BRDA:50,3,0,0
BRDA:62,4,0,0
BRDA:62,5,0,0
BRDA:86,6,0,0
BRDA:86,6,1,0
BRF:8
BRH:0
end_of_record
TN:
SF:src\store\main.js
FN:7,(anonymous_0)
FN:58,(anonymous_1)
FN:70,(anonymous_2)
FN:90,(anonymous_3)
FN:100,(anonymous_4)
FN:104,(anonymous_5)
FN:110,(anonymous_6)
FN:120,(anonymous_7)
FN:123,(anonymous_8)
FN:128,(anonymous_9)
FNF:10
FNH:1
FNDA:1,(anonymous_0)
FNDA:0,(anonymous_1)
FNDA:0,(anonymous_2)
FNDA:0,(anonymous_3)
FNDA:0,(anonymous_4)
FNDA:0,(anonymous_5)
FNDA:0,(anonymous_6)
FNDA:0,(anonymous_7)
FNDA:0,(anonymous_8)
FNDA:0,(anonymous_9)
DA:6,1
DA:7,1
DA:59,0
DA:60,0
DA:62,0
DA:63,0
DA:65,0
DA:66,0
DA:71,0
DA:72,0
DA:75,0
DA:77,0
DA:79,0
DA:81,0
DA:82,0
DA:85,0
DA:86,0
DA:91,0
DA:93,0
DA:95,0
DA:97,0
DA:101,0
DA:105,0
DA:107,0
DA:111,0
DA:113,0
DA:115,0
DA:117,0
DA:121,0
DA:124,0
DA:125,0
DA:129,0
LF:32
LH:2
BRDA:59,0,0,0
BRDA:59,0,1,0
BRDA:62,1,0,0
BRDA:62,1,1,0
BRDA:65,2,0,0
BRDA:65,2,1,0
BRDA:71,3,0,0
BRDA:71,3,1,0
BRDA:81,4,0,0
BRDA:81,4,1,0
BRDA:90,5,0,0
BRDA:91,6,0,0
BRDA:91,6,1,0
BRDA:93,7,0,0
BRDA:93,7,1,0
BRDA:95,8,0,0
BRDA:95,8,1,0
BRDA:100,9,0,0
BRDA:101,10,0,0
BRDA:101,10,1,0
BRDA:107,11,0,0
BRDA:107,11,1,0
BRDA:110,12,0,0
BRDA:111,13,0,0
BRDA:111,13,1,0
BRDA:113,14,0,0
BRDA:113,14,1,0
BRDA:115,15,0,0
BRDA:115,15,1,0
BRDA:124,16,0,0
BRDA:124,16,1,0
BRDA:124,17,0,0
BRDA:124,17,1,0
BRF:33
BRH:0
end_of_record
TN:
SF:src\utils\DRM.js
FN:7,(anonymous_0)
FN:9,(anonymous_1)
FN:15,(anonymous_2)
FN:16,(anonymous_3)
FN:18,(anonymous_4)
FN:22,(anonymous_5)
FN:25,(anonymous_6)
FN:28,(anonymous_7)
FNF:8
FNH:0
FNDA:0,(anonymous_0)
FNDA:0,(anonymous_1)
FNDA:0,(anonymous_2)
FNDA:0,(anonymous_3)
FNDA:0,(anonymous_4)
FNDA:0,(anonymous_5)
FNDA:0,(anonymous_6)
FNDA:0,(anonymous_7)
DA:3,1
DA:8,0
DA:10,0
DA:11,0
DA:12,0
DA:16,0
DA:17,0
DA:18,0
DA:19,0
DA:23,0
DA:26,0
DA:29,0
LF:12
LH:1
BRF:0
BRH:0
end_of_record
TN:
SF:src\utils\analytics.js
FN:13,(anonymous_0)
FN:20,(anonymous_1)
FNF:2
FNH:0
FNDA:0,(anonymous_0)
FNDA:0,(anonymous_1)
DA:14,0
DA:15,0
DA:17,0
DA:21,0
LF:4
LH:0
BRDA:13,0,0,0
BRDA:14,1,0,0
BRDA:14,1,1,0
BRF:3
BRH:0
end_of_record
TN:
SF:src\utils\asyncComponentLoader.js
FN:4,(anonymous_0)
FN:13,(anonymous_1)
FN:20,(anonymous_2)
FN:29,(anonymous_3)
FN:36,(anonymous_4)
FN:71,(anonymous_5)
FN:79,(anonymous_6)
FN:81,(anonymous_7)
FNF:8
FNH:0
FNDA:0,(anonymous_0)
FNDA:0,(anonymous_1)
FNDA:0,(anonymous_2)
FNDA:0,(anonymous_3)
FNDA:0,(anonymous_4)
FNDA:0,(anonymous_5)
FNDA:0,(anonymous_6)
FNDA:0,(anonymous_7)
DA:4,1
DA:5,0
DA:9,0
DA:11,0
DA:12,0
DA:13,0
DA:14,0
DA:17,0
DA:18,0
DA:20,0
DA:21,0
DA:25,0
DA:27,0
DA:28,0
DA:29,0
DA:30,0
DA:33,0
DA:34,0
DA:36,0
DA:37,0
DA:41,0
DA:43,0
DA:44,0
DA:46,0
DA:47,0
DA:50,0
DA:51,0
DA:52,0
DA:53,0
DA:54,0
DA:57,0
DA:58,0
DA:59,0
DA:60,0
DA:61,0
DA:64,0
DA:65,0
DA:66,0
DA:68,0
DA:69,0
DA:71,0
DA:72,0
DA:76,0
DA:80,0
DA:82,0
DA:83,0
DA:84,0
DA:86,0
DA:87,0
DA:91,0
DA:92,0
DA:95,0
LF:52
LH:1
BRDA:4,0,0,0
BRDA:4,1,0,0
BRDA:4,2,0,0
BRDA:4,3,0,0
BRDA:4,4,0,0
BRDA:4,5,0,0
BRDA:9,6,0,0
BRDA:9,6,1,0
BRDA:11,7,0,0
BRDA:11,7,1,0
BRDA:17,8,0,0
BRDA:17,8,1,0
BRDA:25,9,0,0
BRDA:25,9,1,0
BRDA:27,10,0,0
BRDA:27,10,1,0
BRDA:33,11,0,0
BRDA:33,11,1,0
BRDA:41,12,0,0
BRDA:41,12,1,0
BRDA:43,13,0,0
BRDA:43,13,1,0
BRDA:46,14,0,0
BRDA:46,14,1,0
BRDA:50,15,0,0
BRDA:50,15,1,0
BRDA:51,16,0,0
BRDA:51,16,1,0
BRDA:53,17,0,0
BRDA:53,17,1,0
BRDA:57,18,0,0
BRDA:57,18,1,0
BRDA:58,19,0,0
BRDA:58,19,1,0
BRDA:60,20,0,0
BRDA:60,20,1,0
BRDA:64,21,0,0
BRDA:64,21,1,0
BRDA:65,22,0,0
BRDA:65,22,1,0
BRDA:68,23,0,0
BRDA:68,23,1,0
BRDA:79,24,0,0
BRDA:91,25,0,0
BRDA:91,25,1,0
BRF:45
BRH:0
end_of_record
TN:
SF:src\utils\detectMobile.js
FN:1,(anonymous_0)
FN:4,(anonymous_1)
FNF:2
FNH:0
FNDA:0,(anonymous_0)
FNDA:0,(anonymous_1)
DA:3,0
DA:4,0
DA:5,0
DA:13,0
DA:15,0
LF:5
LH:0
BRDA:5,0,0,0
BRDA:5,0,1,0
BRDA:6,1,0,0
BRDA:6,1,1,0
BRDA:14,2,0,0
BRDA:14,2,1,0
BRDA:14,2,2,0
BRF:7
BRH:0
end_of_record
TN:
SF:src\utils\emitter.js
FNF:0
FNH:0
DA:3,1
LF:1
LH:1
BRF:0
BRH:0
end_of_record
TN:
SF:src\utils\handleError.js
FN:5,(anonymous_0)
FNF:1
FNH:0
FNDA:0,(anonymous_0)
DA:6,0
DA:8,0
DA:9,0
DA:11,0
DA:12,0
DA:14,0
DA:28,0
DA:30,0
DA:44,0
DA:46,0
DA:60,0
DA:62,0
DA:76,0
DA:78,0
DA:92,0
DA:94,0
DA:101,0
DA:103,0
DA:105,0
LF:19
LH:0
BRDA:6,0,0,0
BRDA:6,0,1,0
BRDA:6,0,2,0
BRDA:6,0,3,0
BRDA:6,0,4,0
BRDA:6,0,5,0
BRDA:6,0,6,0
BRDA:6,0,7,0
BRDA:6,0,8,0
BRF:9
BRH:0
end_of_record
TN:
SF:src\utils\helpers.js
FN:2,(anonymous_0)
FN:6,(anonymous_1)
FNF:2
FNH:0
FNDA:0,(anonymous_0)
FNDA:0,(anonymous_1)
DA:3,0
DA:4,0
DA:7,0
LF:3
LH:0
BRDA:2,0,0,0
BRF:1
BRH:0
end_of_record
TN:
SF:src\utils\routeResolver.js
FN:8,(anonymous_0)
FNF:1
FNH:0
FNDA:0,(anonymous_0)
DA:9,0
DA:10,0
DA:11,0
DA:12,0
LF:4
LH:0
BRDA:8,0,0,0
BRDA:8,1,0,0
BRDA:8,2,0,0
BRDA:9,3,0,0
BRDA:9,3,1,0
BRDA:11,4,0,0
BRDA:11,4,1,0
BRF:7
BRH:0
end_of_record
TN:
SF:src\utils\toaster.js
FNF:0
FNH:0
DA:3,1
LF:1
LH:1
BRF:0
BRH:0
end_of_record
TN:
SF:src\views\chapter\component\ChapterTable.vue
FN:96,(anonymous_0)
FN:101,(anonymous_1)
FN:108,(anonymous_2)
FNF:3
FNH:1
FNDA:1,(anonymous_0)
FNDA:0,(anonymous_1)
FNDA:0,(anonymous_2)
DA:95,1
DA:97,1
DA:102,0
DA:109,0
LF:4
LH:2
BRF:0
BRH:0
end_of_record
TN:
SF:test\utils\pluginInitializer.js
FN:11,(anonymous_0)
FN:17,(anonymous_1)
FN:27,(anonymous_2)
FN:28,(anonymous_3)
FNF:4
FNH:2
FNDA:8,(anonymous_0)
FNDA:1,(anonymous_1)
FNDA:0,(anonymous_2)
FNDA:0,(anonymous_3)
DA:11,1
DA:12,8
DA:13,8
DA:16,1
DA:18,1
DA:19,1
DA:20,1
DA:21,1
DA:23,1
DA:24,1
DA:25,1
DA:26,1
DA:27,0
LF:13
LH:12
BRF:0
BRH:0
end_of_record
